[INFO] main.py:40 > Namespace(agem_batch=240, batchsize=16, data_dir=None, dataset='cifar100', dataset_path='./dataset/cifar10', debug=False, distilling=True, eval_period=100, gpu_transform=True, imp_update_period=1, init_model=False, init_opt=False, log_path='results', lr=0.05, lr_length=10, lr_period=10, lr_step=0.95, m=10, memory_epoch=256, memory_size=2000, mir_cands=50, mode='puridiver', model_name='resnet34', n=50, n_tasks=5, n_worker=0, noisy_percent=60, note='puridiver', num_gpus=1, online_iter=3.0, opt_name='sgd', reg_coef=100, rnd_seed=1, robust_type='PuriDivER', sched_name='cos', temp_batchsize=None, topk=1, transforms=['cutmix', 'autoaug'], use_amp=True, warm_up=5, workers_per_gpu=1)
[INFO] main.py:49 > Set the device (cuda)
[INFO] main.py:110 > Using train-transforms Compose(
    Resize(size=(32, 32), interpolation=bilinear, max_size=None, antialias=None)
    RandomCrop(size=(32, 32), padding=4)
    RandomHorizontalFlip(p=0.5)
    AutoAugment(policy=AutoAugmentPolicy.CIFAR10, fill=None)
    ToTensor()
    Normalize(mean=(0.5071, 0.4867, 0.4408), std=(0.2675, 0.2565, 0.2761))
)
[INFO] main.py:129 > [1] Select a CIL method (puridiver)
[INFO] main.py:135 > [2] Incrementally training 5 tasks
[INFO] main.py:148 > [2-1] Prepare a datalist for the current task
[INFO] data_loader.py:567 > [Train] Get datalist from cifar100_train_increment50_blurry10_symN60_rand1_task0.json
[INFO] er_baseline.py:198 > Train | Sample # 16 | train_loss 2.7786 | train_acc 0.0000 | lr 0.050000 | running_time 0:00:00 | ETA 0:33:48
[INFO] er_baseline.py:198 > Train | Sample # 32 | train_loss 3.4845 | train_acc 0.0000 | lr 0.050000 | running_time 0:00:00 | ETA 0:18:41
[INFO] er_baseline.py:198 > Train | Sample # 48 | train_loss 3.5432 | train_acc 0.0000 | lr 0.050000 | running_time 0:00:00 | ETA 0:14:05
[INFO] er_baseline.py:198 > Train | Sample # 64 | train_loss 3.7472 | train_acc 0.0000 | lr 0.050000 | running_time 0:00:00 | ETA 0:11:26
[INFO] er_baseline.py:198 > Train | Sample # 80 | train_loss 3.2637 | train_acc 0.0000 | lr 0.050000 | running_time 0:00:00 | ETA 0:09:58
[INFO] er_baseline.py:198 > Train | Sample # 96 | train_loss 3.4926 | train_acc 0.0000 | lr 0.050000 | running_time 0:00:01 | ETA 0:08:50
[INFO] er_baseline.py:208 > Test | Sample # 100 | test_loss 200.6554 | test_acc 0.0402 | 
[INFO] er_baseline.py:198 > Train | Sample # 112 | train_loss 14.3612 | train_acc 0.0000 | lr 0.050000 | running_time 0:00:10 | ETA 1:20:00
[INFO] er_baseline.py:198 > Train | Sample # 128 | train_loss 26.0504 | train_acc 0.0000 | lr 0.050000 | running_time 0:00:10 | ETA 1:10:33
[INFO] er_baseline.py:198 > Train | Sample # 144 | train_loss 28.6611 | train_acc 0.0000 | lr 0.050000 | running_time 0:00:10 | ETA 1:03:12
[INFO] er_baseline.py:198 > Train | Sample # 160 | train_loss 3.2120 | train_acc 0.1875 | lr 0.050000 | running_time 0:00:11 | ETA 0:57:21
[INFO] er_baseline.py:198 > Train | Sample # 176 | train_loss 3.5105 | train_acc 0.0000 | lr 0.050000 | running_time 0:00:11 | ETA 0:52:39
[INFO] er_baseline.py:198 > Train | Sample # 192 | train_loss 13.1250 | train_acc 0.0000 | lr 0.050000 | running_time 0:00:11 | ETA 0:48:36
[INFO] er_baseline.py:208 > Test | Sample # 200 | test_loss 315.2561 | test_acc 0.0314 | 
[INFO] er_baseline.py:198 > Train | Sample # 208 | train_loss 3.5073 | train_acc 0.0625 | lr 0.050000 | running_time 0:00:23 | ETA 1:34:15
[INFO] er_baseline.py:198 > Train | Sample # 224 | train_loss 9.1113 | train_acc 0.0000 | lr 0.050000 | running_time 0:00:23 | ETA 1:27:57
[INFO] er_baseline.py:198 > Train | Sample # 240 | train_loss 10.5053 | train_acc 0.0000 | lr 0.050000 | running_time 0:00:23 | ETA 1:22:24
[INFO] er_baseline.py:198 > Train | Sample # 256 | train_loss 19.3437 | train_acc 0.1875 | lr 0.050000 | running_time 0:00:23 | ETA 1:17:38
[INFO] er_baseline.py:198 > Train | Sample # 272 | train_loss 11.1766 | train_acc 0.0625 | lr 0.050000 | running_time 0:00:24 | ETA 1:13:16
[INFO] er_baseline.py:198 > Train | Sample # 288 | train_loss 3.6102 | train_acc 0.0625 | lr 0.050000 | running_time 0:00:24 | ETA 1:09:38
[INFO] er_baseline.py:208 > Test | Sample # 300 | test_loss 5475.3651 | test_acc 0.0323 | 
[INFO] er_baseline.py:198 > Train | Sample # 304 | train_loss 8.8794 | train_acc 0.0625 | lr 0.050000 | running_time 0:00:38 | ETA 1:44:55
[INFO] er_baseline.py:198 > Train | Sample # 320 | train_loss 3.7750 | train_acc 0.0625 | lr 0.050000 | running_time 0:00:38 | ETA 1:39:53
[INFO] er_baseline.py:198 > Train | Sample # 336 | train_loss 12.6194 | train_acc 0.0625 | lr 0.050000 | running_time 0:00:38 | ETA 1:35:20
[INFO] er_baseline.py:198 > Train | Sample # 352 | train_loss 4.0934 | train_acc 0.0000 | lr 0.050000 | running_time 0:00:38 | ETA 1:31:15
[INFO] er_baseline.py:198 > Train | Sample # 368 | train_loss 3.6519 | train_acc 0.0000 | lr 0.050000 | running_time 0:00:38 | ETA 1:27:34
[INFO] er_baseline.py:198 > Train | Sample # 384 | train_loss 8.6028 | train_acc 0.0000 | lr 0.050000 | running_time 0:00:39 | ETA 1:24:01
[INFO] er_baseline.py:198 > Train | Sample # 400 | train_loss 8.3889 | train_acc 0.0000 | lr 0.050000 | running_time 0:00:39 | ETA 1:20:47
[INFO] er_baseline.py:208 > Test | Sample # 400 | test_loss 27.2785 | test_acc 0.0324 | 
[INFO] er_baseline.py:198 > Train | Sample # 416 | train_loss 3.7546 | train_acc 0.1875 | lr 0.050000 | running_time 0:00:55 | ETA 1:50:29
[INFO] er_baseline.py:198 > Train | Sample # 432 | train_loss 8.6806 | train_acc 0.0625 | lr 0.050000 | running_time 0:00:55 | ETA 1:46:35
[INFO] er_baseline.py:198 > Train | Sample # 448 | train_loss 8.8584 | train_acc 0.1250 | lr 0.050000 | running_time 0:00:55 | ETA 1:43:00
[INFO] er_baseline.py:198 > Train | Sample # 464 | train_loss 10.8038 | train_acc 0.0625 | lr 0.050000 | running_time 0:00:55 | ETA 1:39:33
[INFO] er_baseline.py:198 > Train | Sample # 480 | train_loss 7.7288 | train_acc 0.0625 | lr 0.050000 | running_time 0:00:56 | ETA 1:36:20
[INFO] er_baseline.py:198 > Train | Sample # 496 | train_loss 3.3486 | train_acc 0.1250 | lr 0.050000 | running_time 0:00:56 | ETA 1:33:21
[INFO] er_baseline.py:208 > Test | Sample # 500 | test_loss 8.6367 | test_acc 0.0286 | 
[INFO] er_baseline.py:198 > Train | Sample # 512 | train_loss 4.2171 | train_acc 0.0000 | lr 0.050000 | running_time 0:01:11 | ETA 1:55:00
[INFO] er_baseline.py:198 > Train | Sample # 528 | train_loss 6.6818 | train_acc 0.0000 | lr 0.050000 | running_time 0:01:11 | ETA 1:51:37
[INFO] er_baseline.py:198 > Train | Sample # 544 | train_loss 8.8514 | train_acc 0.0000 | lr 0.050000 | running_time 0:01:11 | ETA 1:48:26
[INFO] er_baseline.py:198 > Train | Sample # 560 | train_loss 9.1785 | train_acc 0.0000 | lr 0.050000 | running_time 0:01:11 | ETA 1:45:25
[INFO] er_baseline.py:198 > Train | Sample # 576 | train_loss 8.4040 | train_acc 0.0625 | lr 0.050000 | running_time 0:01:11 | ETA 1:42:34
[INFO] er_baseline.py:198 > Train | Sample # 592 | train_loss 10.9332 | train_acc 0.0000 | lr 0.050000 | running_time 0:01:11 | ETA 1:39:52
[INFO] er_baseline.py:208 > Test | Sample # 600 | test_loss 180.1485 | test_acc 0.0278 | 
[INFO] er_baseline.py:198 > Train | Sample # 608 | train_loss 3.5675 | train_acc 0.0625 | lr 0.050000 | running_time 0:01:27 | ETA 1:57:57
[INFO] er_baseline.py:198 > Train | Sample # 624 | train_loss 5.2980 | train_acc 0.0625 | lr 0.050000 | running_time 0:01:27 | ETA 1:54:57
[INFO] er_baseline.py:198 > Train | Sample # 640 | train_loss 3.7683 | train_acc 0.0000 | lr 0.050000 | running_time 0:01:27 | ETA 1:52:09
[INFO] er_baseline.py:198 > Train | Sample # 656 | train_loss 3.8625 | train_acc 0.0000 | lr 0.050000 | running_time 0:01:27 | ETA 1:49:29
[INFO] er_baseline.py:198 > Train | Sample # 672 | train_loss 7.8133 | train_acc 0.0000 | lr 0.050000 | running_time 0:01:27 | ETA 1:46:55
[INFO] er_baseline.py:198 > Train | Sample # 688 | train_loss 4.9310 | train_acc 0.0625 | lr 0.050000 | running_time 0:01:27 | ETA 1:44:30
[INFO] er_baseline.py:208 > Test | Sample # 700 | test_loss 10.3353 | test_acc 0.0263 | 
[INFO] er_baseline.py:198 > Train | Sample # 704 | train_loss 6.1642 | train_acc 0.0000 | lr 0.050000 | running_time 0:01:45 | ETA 2:02:58
[INFO] er_baseline.py:198 > Train | Sample # 720 | train_loss 3.7853 | train_acc 0.0000 | lr 0.050000 | running_time 0:01:45 | ETA 2:00:18
[INFO] er_baseline.py:198 > Train | Sample # 736 | train_loss 4.7121 | train_acc 0.0625 | lr 0.050000 | running_time 0:01:45 | ETA 1:57:47
[INFO] er_baseline.py:198 > Train | Sample # 752 | train_loss 4.0323 | train_acc 0.0625 | lr 0.050000 | running_time 0:01:45 | ETA 1:55:21
[INFO] er_baseline.py:198 > Train | Sample # 768 | train_loss 4.3854 | train_acc 0.1250 | lr 0.050000 | running_time 0:01:45 | ETA 1:53:01
[INFO] er_baseline.py:198 > Train | Sample # 784 | train_loss 5.3169 | train_acc 0.1250 | lr 0.050000 | running_time 0:01:45 | ETA 1:50:45
[INFO] er_baseline.py:198 > Train | Sample # 800 | train_loss 6.7532 | train_acc 0.0625 | lr 0.050000 | running_time 0:01:45 | ETA 1:48:36
[INFO] er_baseline.py:208 > Test | Sample # 800 | test_loss 8.4007 | test_acc 0.0284 | 
[INFO] er_baseline.py:198 > Train | Sample # 816 | train_loss 8.4261 | train_acc 0.0000 | lr 0.050000 | running_time 0:02:04 | ETA 2:04:55
[INFO] er_baseline.py:198 > Train | Sample # 832 | train_loss 8.5739 | train_acc 0.0000 | lr 0.050000 | running_time 0:02:04 | ETA 2:02:32
[INFO] er_baseline.py:198 > Train | Sample # 848 | train_loss 7.7156 | train_acc 0.0625 | lr 0.050000 | running_time 0:02:04 | ETA 2:00:19
[INFO] er_baseline.py:198 > Train | Sample # 864 | train_loss 3.5728 | train_acc 0.0625 | lr 0.050000 | running_time 0:02:04 | ETA 1:58:08
[INFO] er_baseline.py:198 > Train | Sample # 880 | train_loss 4.9294 | train_acc 0.0000 | lr 0.050000 | running_time 0:02:04 | ETA 1:56:03
[INFO] er_baseline.py:198 > Train | Sample # 896 | train_loss 11.9128 | train_acc 0.0000 | lr 0.050000 | running_time 0:02:04 | ETA 1:54:02
[INFO] er_baseline.py:208 > Test | Sample # 900 | test_loss 48.6967 | test_acc 0.0256 | 
[INFO] er_baseline.py:198 > Train | Sample # 912 | train_loss 3.6274 | train_acc 0.0000 | lr 0.050000 | running_time 0:02:21 | ETA 2:06:30
[INFO] er_baseline.py:198 > Train | Sample # 928 | train_loss 6.5322 | train_acc 0.0625 | lr 0.050000 | running_time 0:02:21 | ETA 2:04:21
[INFO] er_baseline.py:198 > Train | Sample # 944 | train_loss 5.5391 | train_acc 0.0625 | lr 0.050000 | running_time 0:02:21 | ETA 2:02:15
[INFO] er_baseline.py:198 > Train | Sample # 960 | train_loss 4.0703 | train_acc 0.0000 | lr 0.050000 | running_time 0:02:21 | ETA 2:00:16
[INFO] er_baseline.py:198 > Train | Sample # 976 | train_loss 5.6084 | train_acc 0.0625 | lr 0.050000 | running_time 0:02:21 | ETA 1:58:20
[INFO] er_baseline.py:198 > Train | Sample # 992 | train_loss 5.6718 | train_acc 0.0000 | lr 0.050000 | running_time 0:02:21 | ETA 1:56:27
[INFO] er_baseline.py:208 > Test | Sample # 1000 | test_loss 4.9972 | test_acc 0.0283 | 
[INFO] er_baseline.py:198 > Train | Sample # 1008 | train_loss 3.7542 | train_acc 0.0625 | lr 0.050000 | running_time 0:02:39 | ETA 2:08:53
[INFO] er_baseline.py:198 > Train | Sample # 1024 | train_loss 3.6269 | train_acc 0.1250 | lr 0.050000 | running_time 0:02:39 | ETA 2:06:53
[INFO] er_baseline.py:198 > Train | Sample # 1040 | train_loss 4.3488 | train_acc 0.0000 | lr 0.050000 | running_time 0:02:39 | ETA 2:04:59
[INFO] er_baseline.py:198 > Train | Sample # 1056 | train_loss 3.9734 | train_acc 0.0000 | lr 0.050000 | running_time 0:02:39 | ETA 2:03:08
[INFO] er_baseline.py:198 > Train | Sample # 1072 | train_loss 4.0047 | train_acc 0.0625 | lr 0.050000 | running_time 0:02:39 | ETA 2:01:23
[INFO] er_baseline.py:198 > Train | Sample # 1088 | train_loss 4.7971 | train_acc 0.0625 | lr 0.050000 | running_time 0:02:39 | ETA 1:59:40
[INFO] er_baseline.py:208 > Test | Sample # 1100 | test_loss 4.9800 | test_acc 0.0238 | 
[INFO] er_baseline.py:198 > Train | Sample # 1104 | train_loss 3.9548 | train_acc 0.1250 | lr 0.050000 | running_time 0:03:00 | ETA 2:12:54
[INFO] er_baseline.py:198 > Train | Sample # 1120 | train_loss 3.6384 | train_acc 0.0000 | lr 0.050000 | running_time 0:03:00 | ETA 2:11:02
[INFO] er_baseline.py:198 > Train | Sample # 1136 | train_loss 3.8489 | train_acc 0.0000 | lr 0.050000 | running_time 0:03:00 | ETA 2:09:14
[INFO] er_baseline.py:198 > Train | Sample # 1152 | train_loss 3.9991 | train_acc 0.0625 | lr 0.050000 | running_time 0:03:00 | ETA 2:07:30
[INFO] er_baseline.py:198 > Train | Sample # 1168 | train_loss 4.5984 | train_acc 0.0000 | lr 0.050000 | running_time 0:03:00 | ETA 2:05:47
[INFO] er_baseline.py:198 > Train | Sample # 1184 | train_loss 4.0177 | train_acc 0.0625 | lr 0.050000 | running_time 0:03:00 | ETA 2:04:06
[INFO] er_baseline.py:198 > Train | Sample # 1200 | train_loss 3.8526 | train_acc 0.1250 | lr 0.050000 | running_time 0:03:00 | ETA 2:02:27
[INFO] er_baseline.py:208 > Test | Sample # 1200 | test_loss 4.7255 | test_acc 0.0233 | 
[INFO] er_baseline.py:198 > Train | Sample # 1216 | train_loss 3.9081 | train_acc 0.0000 | lr 0.050000 | running_time 0:03:19 | ETA 2:13:09
[INFO] er_baseline.py:198 > Train | Sample # 1232 | train_loss 3.5483 | train_acc 0.0625 | lr 0.050000 | running_time 0:03:19 | ETA 2:11:25
[INFO] er_baseline.py:198 > Train | Sample # 1248 | train_loss 4.4827 | train_acc 0.0000 | lr 0.050000 | running_time 0:03:19 | ETA 2:09:45
[INFO] er_baseline.py:198 > Train | Sample # 1264 | train_loss 3.7671 | train_acc 0.0625 | lr 0.050000 | running_time 0:03:19 | ETA 2:08:08
[INFO] er_baseline.py:198 > Train | Sample # 1280 | train_loss 4.0759 | train_acc 0.0000 | lr 0.050000 | running_time 0:03:19 | ETA 2:06:33
[INFO] er_baseline.py:198 > Train | Sample # 1296 | train_loss 3.8482 | train_acc 0.0000 | lr 0.050000 | running_time 0:03:19 | ETA 2:05:00
[INFO] er_baseline.py:208 > Test | Sample # 1300 | test_loss 3.9213 | test_acc 0.0217 | 
[INFO] er_baseline.py:198 > Train | Sample # 1312 | train_loss 4.0276 | train_acc 0.0000 | lr 0.050000 | running_time 0:03:39 | ETA 2:15:35
[INFO] er_baseline.py:198 > Train | Sample # 1328 | train_loss 3.6622 | train_acc 0.0000 | lr 0.050000 | running_time 0:03:39 | ETA 2:13:56
[INFO] er_baseline.py:198 > Train | Sample # 1344 | train_loss 3.9334 | train_acc 0.0000 | lr 0.050000 | running_time 0:03:39 | ETA 2:12:20
[INFO] er_baseline.py:198 > Train | Sample # 1360 | train_loss 4.0001 | train_acc 0.0000 | lr 0.050000 | running_time 0:03:39 | ETA 2:10:47
[INFO] er_baseline.py:198 > Train | Sample # 1376 | train_loss 4.0161 | train_acc 0.0000 | lr 0.050000 | running_time 0:03:39 | ETA 2:09:15
[INFO] er_baseline.py:198 > Train | Sample # 1392 | train_loss 4.2038 | train_acc 0.0000 | lr 0.050000 | running_time 0:03:39 | ETA 2:07:48
[INF[INFO][INFO] er_baseline.py:208 > Test | Sample # 1400 | test_loss 7.2972 | test_acc 0.0192 | 
[INFO] er_baseline.py:198 > Train | Sample # 1408 | train_loss 3.4648 | train_acc 0.0000 | lr 0.050000 | running_time 0:04:17 | ETA 2:27:56
[INFO] er_baseline.py:198 > Train | Sample # 1424 | train_loss 6.0941 | train_acc 0.0000 | lr 0.050000 | running_time 0:04:17 | ETA 2:26:16
[INFO] er_baseline.py:198 > Train | Sample # 1440 | train_loss 5.6737 | train_acc 0.0625 | lr 0.050000 | running_time 0:04:17 | ETA 2:24:40
[INFO] er_baseline.py:198 > Train | Sample # 1456 | train_loss 4.4227 | train_acc 0.0000 | lr 0.050000 | running_time 0:04:17 | ETA 2:23:04
[INFO] er_baseline.py:198 > Train | Sample # 1472 | train_loss 4.2604 | train_acc 0.0000 | lr 0.050000 | running_time 0:04:17 | ETA 2:21:30
[INFO] er_baseline.py:198 > Train | Sample # 1488 | train_loss 4.9931 | train_acc 0.1250 | lr 0.050000 | running_time 0:04:17 | ET[INF[INFO][INFO] er_baseline.py:208 > Test | Sample # 1500 | test_loss 6.2951 | test_acc 0.0189 | 
[INFO] er_baseline.py:198 > Train | Sample # 1504 | train_loss 4.2501 | train_acc 0.0000 | lr 0.050000 | running_time 0:04:42 | ETA 2:31:33
[INFO] er_baseline.py:198 > Train | Sample # 1520 | train_loss 4.7789 | train_acc 0.0000 | lr 0.050000 | running_time 0:04:42 | ETA 2:29:58
[INFO] er_baseline.py:198 > Train | Sample # 1536 | train_loss 3.7649 | train_acc 0.0000 | lr 0.050000 | running_time 0:04:42 | ETA 2:28:24
[INFO] er_baseline.py:198 > Train | Sample # 1552 | train_loss 3.7000 | train_acc 0.1250 | lr 0.050000 | running_time 0:04:42 | ETA 2:26:52
[INFO] er_baseline.py:198 > Train | Sample # 1568 | train_loss 4.7802 | train_acc 0.1250 | lr 0.050000 | running_time 0:04:42 | ETA 2:25:22
[INFO] er_baseline.py:198 > Train | Sample # 1584 | train_loss 4.5382 | train_acc 0.0000 | lr 0.050000 | running_time 0:04:42 | ETA 2:23:56
[INFO] er_baseline.py:198 > Train | Sample # 1600 | train_loss 5.7639 | train_acc 0.0000 | lr 0.050000 | running_time 0:04:42 | ET[INF[INFO] er_baseline.py:208 > Test | Sample # 1600 | test_loss 4.6073 | test_acc 0.0179 | 
[INFO] er_baseline.py:198 > Train | Sample # 1616 | train_loss 4.1885 | train_acc 0.0000 | lr 0.050000 | running_time 0:04:58 | ETA 2:29:05
[INFO] er_baseline.py:198 > Train | Sample # 1632 | train_loss 3.9675 | train_acc 0.0000 | lr 0.050000 | running_time 0:04:58 | ETA 2:27:37
[INFO] er_baseline.py:198 > Train | Sample # 1648 | train_loss 3.9703 | train_acc 0.0625 | lr 0.050000 | running_time 0:04:58 | ETA 2:26:09
[INFO] er_baseline.py:198 > Train | Sample # 1664 | train_loss 3.7672 | train_acc 0.0625 | lr 0.050000 | running_time 0:04:59 | ETA 2:24:45
[INFO] er_baseline.py:198 > Train | Sample # 1680 | train_loss 4.2208 | train_acc 0.0000 | lr 0.050000 | running_time 0:04:59 | ETA 2:23:22
[INFO] er_baseline.py:198 > Train | Sample # 1696 | train_loss 3.5182 | train_acc 0.0625 | lr 0.050000 | running_time 0:04:59 | ETA 2:22[INF[INFO] er_baseline.py:208 > Test | Sample # 1700 | test_loss 13.4896 | test_acc 0.0262 | 
[INFO] er_baseline.py:198 > Train | Sample # 1712 | train_loss 4.0493 | train_acc 0.0000 | lr 0.050000 | running_time 0:05:25 | ETA 2:32:50
[INFO] er_baseline.py:198 > Train | Sample # 1728 | train_loss 4.1492 | train_acc 0.0000 | lr 0.050000 | running_time 0:05:25 | ETA 2:31:24
[INFO] er_baseline.py:198 > Train | Sample # 1744 | train_loss 3.9836 | train_acc 0.0000 | lr 0.050000 | running_time 0:05:25 | ETA 2:30:00
[INFO] er_baseline.py:198 > Train | Sample # 1760 | train_loss 4.0384 | train_acc 0.0625 | lr 0.050000 | running_time 0:05:25 | ETA 2:28:38
[INFO] er_baseline.py:198 > Train | Sample # 1776 | train_loss 4.9635 | train_acc 0.0625 | lr 0.050000 | running_time 0:05:25 | ETA 2:27:18
[INFO] er_baseline.py:198 > Train | Sample # 1792 | train_loss 3.2778 | train_acc 0.1250 | lr 0.050000 | running_time 0:05:25 | ETA 2:2[INFO[INFO] er_baseline.py:208 > Test | Sample # 1800 | test_loss 14.4965 | test_acc 0.0175 | 
[INFO] er_baseline.py:198 > Train | Sample # 1808 | train_loss 5.7432 | train_acc 0.0000 | lr 0.050000 | running_time 0:05:50 | ETA 2:35:41
[INFO] er_baseline.py:198 > Train | Sample # 1824 | train_loss 4.7835 | train_acc 0.0000 | lr 0.050000 | running_time 0:05:50 | ETA 2:34:19
[INFO] er_baseline.py:198 > Train | Sample # 1840 | train_loss 3.7509 | train_acc 0.0625 | lr 0.050000 | running_time 0:05:50 | ETA 2:32:58
[INFO] er_baseline.py:198 > Train | Sample # 1856 | train_loss 3.9471 | train_acc 0.1875 | lr 0.050000 | running_time 0:05:50 | ETA 2:31:38
[INFO] er_baseline.py:198 > Train | Sample # 1872 | train_loss 4.2341 | train_acc 0.0000 | lr 0.050000 | running_time 0:05:50 | ETA 2:30:19
[INFO] er_baseline.py:198 > Train | Sample # 1888 | train_loss 4.0367 | train_acc 0.0000 | lr 0.050000 | running_time 0:05:50 | ETA 2:[INFO][INFO] er_baseline.py:208 > Test | Sample # 1900 | test_loss 4.9858 | test_acc 0.0172 | 
[INFO] er_baseline.py:198 > Train | Sample # 1904 | train_loss 3.8120 | train_acc 0.0000 | lr 0.050000 | running_time 0:06:18 | ETA 2:39:17
[INFO] er_baseline.py:198 > Train | Sample # 1920 | train_loss 3.6072 | train_acc 0.1875 | lr 0.050000 | running_time 0:06:18 | ETA 2:37:58
[INFO] er_baseline.py:198 > Train | Sample # 1936 | train_loss 4.0018 | train_acc 0.0000 | lr 0.050000 | running_time 0:06:18 | ETA 2:36:38
[INFO] er_baseline.py:198 > Train | Sample # 1952 | train_loss 4.1584 | train_acc 0.0625 | lr 0.050000 | running_time 0:06:18 | ETA 2:35:20
[INFO] er_baseline.py:198 > Train | Sample # 1968 | train_loss 3.5380 | train_acc 0.0625 | lr 0.050000 | running_time 0:06:18 | ETA 2:34:03
[INFO] er_baseline.py:198 > Train | Sample # 1984 | train_loss 4.1884 | train_acc 0.0000 | lr 0.050000 | running_time 0:06:18 | ETA 2:32:47
[INFO] er_baseline.py:198 > Train | Sample # 2000 | train_loss 3.1841 | train_acc 0.0000 | lr 0.050000 | running_time 0:06:18 | ETA 2:[INFO][INFO] er_baseline.py:208 > Test | Sample # 2000 | test_loss 20.3003 | test_acc 0.0171 | 
[INFO] er_baseline.py:198 > Train | Sample # 2016 | train_loss 3.6918 | train_acc 0.1250 | lr 0.050000 | running_time 0:06:57 | ETA 2[INFO] [INFO] er_baseline.py:198 > Train | Sample # 2032 | train_loss 3.8210 | train_acc 0.0625 | lr 0.050000 | running_time 0:07:25 | ETA 2[INFO] [INFO] er_baseline.py:198 > Train | Sample # 2048 | train_loss 3.5324 | train_acc 0.0625 | lr 0.050000 | running_time 0:07:50 | ETA 3[INFO] [INFO] er_baseline.py:198 > Train | Sample # 2064 | train_loss 3.2468 | train_acc 0.1250 | lr 0.050000 | running_time 0:08:16 | ETA 3[INFO] [INFO] er_baseline.py:198 > Train | Sample # 2080 | train_loss 4.0767 | train_acc 0.0625 | lr 0.050000 | running_time 0:08:45 | ETA 3[INFO] [INFO] er_baseline.py:198 > Train | Sample # 2096 | train_loss 3.2574 | train_acc 0.0000 | lr 0.050000 | running_time 0:09:11 | ETA 3[INFO] [INFO] er_baseline.py:208 > Test | Sample # 2100 | test_loss 10.3495 | test_acc 0.0172 | 
[INFO] er_baseline.py:198 > Train | Sample # 2112 | train_loss 3.5217 | train_acc 0.0625 | lr 0.050000 | running_time 0:10:05 | ETA [INFO] e[INFO] er_baseline.py:198 > Train | Sample # 2128 | train_loss 3.5898 | train_acc 0.0000 | lr 0.050000 | running_time 0:10:32 | ETA [INFO] e[INFO] er_baseline.py:198 > Train | Sample # 2144 | train_loss 3.6302 | train_acc 0.0000 | lr 0.050000 | running_time 0:11:00 | ETA [INFO] e[INFO] er_baseline.py:198 > Train | Sample # 2160 | train_loss 3.8367 | train_acc 0.0625 | lr 0.050000 | running_time 0:11:25 | ETA [INFO] e[INFO] er_baseline.py:198 > Train | Sample # 2176 | train_loss 3.1993 | train_acc 0.1250 | lr 0.050000 | running_time 0:11:53 | ETA [INFO] e[INFO] er_baseline.py:198 > Train | Sample # 2192 | train_loss 3.5740 | train_acc 0.1250 | lr 0.050000 | running_time 0:12:19 | ETA [INFO] e[INFO] er_baseline.py:208 > Test | Sample # 2200 | test_loss 10.5012 | test_acc 0.0199 | 
[INFO] er_baseline.py:198 > Train | Sample # 2208 | train_loss 2.9610 | train_acc 0.0625 | lr 0.050000 | running_time 0:13:12 | ETA[INFO] er[INFO] er_baseline.py:198 > Train | Sample # 2224 | train_loss 4.6244 | train_acc 0.0000 | lr 0.050000 | running_time 0:13:39 | ETA[INFO] er[INFO] er_baseline.py:198 > Train | Sample # 2240 | train_loss 5.2027 | train_acc 0.0000 | lr 0.050000 | running_time 0:14:07 | ETA[INFO] er[INFO] er_baseline.py:198 > Train | Sample # 2256 | train_loss 3.4913 | train_acc 0.0000 | lr 0.050000 | running_time 0:14:33 | ETA[INFO] er[INFO] er_baseline.py:198 > Train | Sample # 2272 | train_loss 3.8987 | train_acc 0.0000 | lr 0.050000 | running_time 0:15:01 | ETA[INFO] er[INFO] er_baseline.py:198 > Train | Sample # 2288 | train_loss 4.1276 | train_acc 0.0625 | lr 0.050000 | running_time 0:15:27 | ETA[INFO] er[INFO] er_baseline.py:208 > Test | Sample # 2300 | test_loss 49.8928 | test_acc 0.0198 | 
[INFO] er_baseline.py:198 > Train | Sample # 2304 | train_loss 3.5012 | train_acc 0.0000 | lr 0.050000 | running_time 0:16:19 | ET[INFO] er_[INFO] er_baseline.py:198 > Train | Sample # 2320 | train_loss 3.9276 | train_acc 0.0625 | lr 0.050000 | running_time 0:16:46 | ET[INFO] er_[INFO] er_baseline.py:198 > Train | Sample # 2336 | train_loss 4.3140 | train_acc 0.0625 | lr 0.050000 | running_time 0:17:14 | ET[INFO] er_[INFO] er_baseline.py:198 > Train | Sample # 2352 | train_loss 3.8125 | train_acc 0.0625 | lr 0.050000 | running_time 0:17:42 | ET[INFO] er_[INFO] er_baseline.py:198 > Train | Sample # 2368 | train_loss 4.3137 | train_acc 0.0625 | lr 0.050000 | running_time 0:18:09 | ET[INFO] er_[INFO] er_baseline.py:198 > Train | Sample # 2384 | train_loss 4.0257 | train_acc 0.0625 | lr 0.050000 | running_time 0:18:35 | ET[INFO] er_[INFO] er_baseline.py:198 > Train | Sample # 2400 | train_loss 4.1421 | train_acc 0.0625 | lr 0.050000 | running_time 0:19:03 | ET[INFO] er_[INFO] er_baseline.py:208 > Test | Sample # 2400 | test_loss 9.0986 | test_acc 0.0172 | 
[INFO] er_baseline.py:198 > Train | Sample # 2416 | train_loss 4.3442 | train_acc 0.1250 | lr 0.050000 | running_time 0:19:55 | ET[INFO] er_[INFO] er_baseline.py:198 > Train | Sample # 2432 | train_loss 4.0937 | train_acc 0.0625 | lr 0.050000 | running_time 0:20:23 | ET[INFO] er_[INFO] er_baseline.py:198 > Train | Sample # 2448 | train_loss 4.1059 | train_acc 0.0000 | lr 0.050000 | running_time 0:20:50 | ET[INFO] er_[INFO] er_baseline.py:198 > Train | Sample # 2464 | train_loss 4.1294 | train_acc 0.0000 | lr 0.050000 | running_time 0:21:19 | ET[INFO] er_[INFO] er_baseline.py:198 > Train | Sample # 2480 | train_loss 4.2117 | train_acc 0.0625 | lr 0.050000 | running_time 0:21:44 | ET[INFO] er_[INFO] er_baseline.py:198 > Train | Sample # 2496 | train_loss 3.3921 | train_acc 0.0625 | lr 0.050000 | running_time 0:22:11 | ET[INFO] er_[INFO] er_baseline.py:208 > Test | Sample # 2500 | test_loss 4.9627 | test_acc 0.0179 | 
[INFO] er_baseline.py:198 > Train | Sample # 2512 | train_loss 3.5194 | train_acc 0.0625 | lr 0.050000 | running_time 0:23:04 | ET[INFO] er_[INFO] er_baseline.py:198 > Train | Sample # 2528 | train_loss 4.1779 | train_acc 0.0000 | lr 0.050000 | running_time 0:23:33 | ET[INFO] er_[INFO] er_baseline.py:198 > Train | Sample # 2544 | train_loss 3.9277 | train_acc 0.0000 | lr 0.050000 | running_time 0:23:59 | ET[INFO] er_[INFO] er_baseline.py:198 > Train | Sample # 2560 | train_loss 4.1754 | train_acc 0.0000 | lr 0.050000 | running_time 0:24:26 | ET[INFO] er_[INFO] er_baseline.py:198 > Train | Sample # 2576 | train_loss 3.9357 | train_acc 0.1250 | lr 0.050000 | running_time 0:24:52 | ET[INFO] er_[INFO] er_baseline.py:198 > Train | Sample # 2592 | train_loss 3.8195 | train_acc 0.0625 | lr 0.050000 | running_time 0:25:20 | ET[INFO] er_[INFO] er_baseline.py:208 > Test | Sample # 2600 | test_loss 4.8395 | test_acc 0.0183 | 
[INFO] er_baseline.py:198 > Train | Sample # 2608 | train_loss 3.7881 | train_acc 0.0625 | lr 0.050000 | running_time 0:26:12 | ETA 7:56:19
[INFO] er_baseline.py:198 > Train | Sample # 2624 | train_loss 4.1704 | train_acc 0.0625 | lr 0.050000 | running_time 0:26:39 | ETA 8:01:19
[INFO] er_baseline.py:198 > Train | Sample # 2640 | train_loss 3.9780 | train_acc 0.1250 | lr 0.050000 | running_time 0:27:05 | ETA 8:06:09
[INFO] er_baseline.py:198 > Train | Sample # 2656 | train_loss 3.7894 | train_acc 0.0000 | lr 0.050000 | running_time 0:27:33 | ETA 8:11:10
[INFO] er_baseline.py:198 > Train | Sample # 2672 | train_loss 3.9452 | train_acc 0.0000 | lr 0.050000 | running_time 0:27:59 | ETA 8:15:53
[INFO] er_baseline.py:198 > Train | Sample # 2688 | train_loss 3.5155 | train_acc 0.0000 | lr 0.050000 | running_time 0:28:25 | ET[INFO] er_[INFO] er_baseline.py:208 > Test | Sample # 2700 | test_loss 6.0367 | test_acc 0.0170 | 
[INFO] er_baseline.py:198 > Train | Sample # 2704 | train_loss 3.3950 | train_acc 0.0000 | lr 0.050000 | running_time 0:29:20 | ETA 8:33:12
[INFO] er_baseline.py:198 > Train | Sample # 2720 | train_loss 3.5327 | train_acc 0.0625 | lr 0.050000 | running_time 0:29:48 | ETA 8:38:00
[INFO] er_baseline.py:198 > Train | Sample # 2736 | train_loss 3.8255 | train_acc 0.0000 | lr 0.050000 | running_time 0:30:14 | ETA 8:42:33
[INFO] er_baseline.py:198 > Train | Sample # 2752 | train_loss 3.9005 | train_acc 0.0000 | lr 0.050000 | running_time 0:30:40 | ETA 8:46:38
[INFO] er_baseline.py:198 > Train | Sample # 2768 | train_loss 3.2401 | train_acc 0.0625 | lr 0.050000 | running_time 0:31:08 | ETA 8:51:24
[INFO] er_baseline.py:198 > Train | Sample # 2784 | train_loss 4.0023 | train_acc 0.0625 | lr 0.050000 | running_time 0:31:34 | ETA 8:55:31
[INFO] er_baseline.py:198 > Train | Sample # 2800 | train_loss 4.0458 | train_acc 0.0000 | lr 0.050000 | running_time 0:32:01 | ET[INFO] er_[INFO] er_baseline.py:208 > Test | Sample # 2800 | test_loss 6.0165 | test_acc 0.0155 | 
[INFO] er_baseline.py:198 > Train | Sample # 2816 | train_loss 3.6744 | train_acc 0.0000 | lr 0.050000 | running_time 0:32:53 | ETA 9:11:14
[INFO] er_baseline.py:198 > Train | Sample # 2832 | train_loss 3.1503 | train_acc 0.0625 | lr 0.050000 | running_time 0:33:20 | ETA 9:15:21
[INFO] er_baseline.py:198 > Train | Sample # 2848 | train_loss 3.3100 | train_acc 0.0625 | lr 0.050000 | running_time 0:33:46 | ETA 9:19:18
[INFO] er_baseline.py:198 > Train | Sample # 2864 | train_loss 3.5611 | train_acc 0.0000 | lr 0.050000 | running_time 0:34:15 | ETA 9:23:47
[INFO] er_baseline.py:198 > Train | Sample # 2880 | train_loss 3.6926 | train_acc 0.0625 | lr 0.050000 | running_time 0:34:42 | ETA 9:27:49
[INFO] er_baseline.py:198 > Train | Sample # 2896 | train_loss 3.4494 | train_acc 0.0000 | lr 0.050000 | running_time 0:35:08 | ET[INFO] er_[INFO] er_baseline.py:208 > Test | Sample # 2900 | test_loss 6.0678 | test_acc 0.0172 | 
[INFO] er_baseline.py:198 > Train | Sample # 2912 | train_loss 3.2825 | train_acc 0.0000 | lr 0.050000 | running_time 0:35:59 | ETA 9:41:53
[INFO] er_baseline.py:198 > Train | Sample # 2928 | train_loss 3.2451 | train_acc 0.0625 | lr 0.050000 | running_time 0:36:25 | ETA 9:45:35
[INFO] er_baseline.py:198 > Train | Sample # 2944 | train_loss 3.5588 | train_acc 0.0000 | lr 0.050000 | running_time 0:36:52 | ETA 9:49:23
[INFO] er_baseline.py:198 > Train | Sample # 2960 | train_loss 4.0662 | train_acc 0.0000 | lr 0.050000 | running_time 0:37:19 | ETA 9:53:02
[INFO] er_baseline.py:198 > Train | Sample # 2976 | train_loss 3.6617 | train_acc 0.0625 | lr 0.050000 | running_time 0:37:45 | ETA 9:56:41
[INFO] er_baseline.py:198 > Train | Sample # 2992 | train_loss 3.6808 | train_acc 0.0625 | lr 0.050000 | running_time 0:38:13 | ET[INFO] er_[[INFO] er_baseline.py:208 > Test | Sample # 3000 | test_loss 50.1576 | test_acc 0.0167 | 
[INFO] er_baseline.py:198 > Train | Sample # 3008 | train_loss 3.4946 | train_acc 0.0625 | lr 0.050000 | running_time 0:39:05 | ETA 10:10:4[I[INFO] er_baseline.py:198 > Train | Sample # 3024 | train_loss 3.5339 | train_acc 0.0000 | lr 0.050000 | running_time 0:39:32 | ETA 10:14:1[I[INFO] er_baseline.py:198 > Train | Sample # 3040 | train_loss 3.5890 | train_acc 0.0000 | lr 0.050000 | running_time 0:39:58 | ETA 10:17:3[I[INFO] er_baseline.py:198 > Train | Sample # 3056 | train_loss 3.5568 | train_acc 0.0000 | lr 0.050000 | running_time 0:40:24 | ETA 10:20:4[I[INFO] er_baseline.py:198 > Train | Sample # 3072 | train_loss 3.2961 | train_acc 0.0625 | lr 0.050000 | running_time 0:40:51 | ETA 10:24:1[I[INFO] er_baseline.py:198 > Train | Sample # 3088 | train_loss 3.3625 | train_acc 0.0625 | lr 0.050000 | running_time 0:41:17 | E[INFO] er_[I[INFO] er_baseline.py:208 > Test | Sample # 3100 | test_loss 26.4231 | test_acc 0.0172 | 
[INFO] er_baseline.py:198 > Train | Sample # 3104 | train_loss 3.4596 | train_acc 0.0625 | lr 0.050000 | running_time 0:42:10 | ETA 10:37:[IN[INFO] er_baseline.py:198 > Train | Sample # 3120 | train_loss 3.3529 | train_acc 0.0625 | lr 0.050000 | running_time 0:42:37 | ETA 10:40:[IN[INFO] er_baseline.py:198 > Train | Sample # 3136 | train_loss 4.0487 | train_acc 0.1250 | lr 0.050000 | running_time 0:43:03 | ETA 10:43:[IN[INFO] er_baseline.py:198 > Train | Sample # 3152 | train_loss 4.1906 | train_acc 0.0000 | lr 0.050000 | running_time 0:43:30 | ETA 10:46:[IN[INFO] er_baseline.py:198 > Train | Sample # 3168 | train_loss 3.4120 | train_acc 0.0000 | lr 0.050000 | running_time 0:43:57 | ETA 10:49:[IN[INFO] er_baseline.py:198 > Train | Sample # 3184 | train_loss 4.3187 | train_acc 0.0000 | lr 0.050000 | running_time 0:44:23 | ETA 10:52:[IN[INFO] er_baseline.py:198 > Train | Sample # 3200 | train_loss 3.3464 | train_acc 0.0625 | lr 0.050000 | running_time 0:44:49 | [INFO] er_[IN[INFO] er_baseline.py:208 > Test | Sample # 3200 | test_loss 11.3046 | test_acc 0.0219 | 
[INFO] er_baseline.py:198 > Train | Sample # 3216 | train_loss 3.4865 | train_acc 0.0000 | lr 0.050000 | running_time 0:45:41 | ETA 11:04[INF[INFO] er_baseline.py:198 > Train | Sample # 3232 | train_loss 4.2142 | train_acc 0.0000 | lr 0.050000 | running_time 0:46:06 | ETA 11:07[INF[INFO] er_baseline.py:198 > Train | Sample # 3248 | train_loss 3.2890 | train_acc 0.0625 | lr 0.050000 | running_time 0:46:32 | ETA 11:09[INF[INFO] er_baseline.py:198 > Train | Sample # 3264 | train_loss 3.3797 | train_acc 0.0625 | lr 0.050000 | running_time 0:47:00 | ETA 11:13[INF[INFO] er_baseline.py:198 > Train | Sample # 3280 | train_loss 3.4601 | train_acc 0.0000 | lr 0.050000 | running_time 0:47:27 | ETA 11:15[INF[INFO] er_baseline.py:198 > Train | Sample # 3296 | train_loss 3.5026 | train_acc 0.0000 | lr 0.050000 | running_time 0:47:55 |[INFO] er_[INF[INFO] er_baseline.py:208 > Test | Sample # 3300 | test_loss 6.7175 | test_acc 0.0171 | 
[INFO] er_baseline.py:198 > Train | Sample # 3312 | train_loss 3.7178 | train_acc 0.0000 | lr 0.050000 | running_time 0:48:46 | ETA 11:27[INF[INFO] er_baseline.py:198 > Train | Sample # 3328 | train_loss 3.8865 | train_acc 0.0625 | lr 0.050000 | running_time 0:49:12 | ETA 11:30[INF[INFO] er_baseline.py:198 > Train | Sample # 3344 | train_loss 3.2771 | train_acc 0.1250 | lr 0.050000 | running_time 0:49:38 | ETA 11:32[INF[INFO] er_baseline.py:198 > Train | Sample # 3360 | train_loss 3.4874 | train_acc 0.0625 | lr 0.050000 | running_time 0:50:06 | ETA 11:35[INF[INFO] er_baseline.py:198 > Train | Sample # 3376 | train_loss 3.6157 | train_acc 0.0000 | lr 0.050000 | running_time 0:50:32 | ETA 11:38[INF[INFO] er_baseline.py:198 > Train | Sample # 3392 | train_loss 3.5287 | train_acc 0.0625 | lr 0.050000 | running_time 0:50:59 |[INFO] er_[INF[INFO] er_baseline.py:208 > Test | Sample # 3400 | test_loss 31.9936 | test_acc 0.0205 | 
[INFO] er_baseline.py:198 > Train | Sample # 3408 | train_loss 3.0631 | train_acc 0.1250 | lr 0.050000 | running_time 0:51:51 | ETA 11:4[INFO[INFO] er_baseline.py:198 > Train | Sample # 3424 | train_loss 3.4133 | train_acc 0.0625 | lr 0.050000 | running_time 0:52:19 | ETA 11:5[INFO[INFO] er_baseline.py:198 > Train | Sample # 3440 | train_loss 3.3941 | train_acc 0.1250 | lr 0.050000 | running_time 0:52:45 | ETA 11:5[INFO[INFO] er_baseline.py:198 > Train | Sample # 3456 | train_loss 3.8262 | train_acc 0.0000 | lr 0.050000 | running_time 0:53:11 | ETA 11:5[INFO[INFO] er_baseline.py:198 > Train | Sample # 3472 | train_loss 4.1941 | train_acc 0.0625 | lr 0.050000 | running_time 0:53:37 | ETA 11:5[INFO[INFO] er_baseline.py:198 > Train | Sample # 3488 | train_loss 3.4174 | train_acc 0.0625 | lr 0.050000 | running_time 0:54:04 [INFO] er_[INFO[INFO] er_baseline.py:208 > Test | Sample # 3500 | test_loss 25.0430 | test_acc 0.0129 | 
[INFO] er_baseline.py:198 > Train | Sample # 3504 | train_loss 3.1331 | train_acc 0.0000 | lr 0.050000 | running_time 0:54:56 | ETA 12:[INFO][INFO] er_baseline.py:198 > Train | Sample # 3520 | train_loss 3.1772 | train_acc 0.0625 | lr 0.050000 | running_time 0:55:22 | ETA 12:[INFO][INFO] er_baseline.py:198 > Train | Sample # 3536 | train_loss 3.4846 | train_acc 0.0625 | lr 0.050000 | running_time 0:55:49 | ETA 12:[INFO][INFO] er_baseline.py:198 > Train | Sample # 3552 | train_loss 3.3384 | train_acc 0.0000 | lr 0.050000 | running_time 0:56:14 | ETA 12:[INFO][INFO] er_baseline.py:198 > Train | Sample # 3568 | train_loss 3.6533 | train_acc 0.0000 | lr 0.050000 | running_time 0:56:40 | ETA 12:[INFO][INFO] er_baseline.py:198 > Train | Sample # 3584 | train_loss 3.6880 | train_acc 0.0625 | lr 0.050000 | running_time 0:57:09 | ETA 12:[INFO][INFO] er_baseline.py:198 > Train | Sample # 3600 | train_loss 3.7296 | train_acc 0.0000 | lr 0.050000 | running_time 0:57:34[INFO] er_[INFO][INFO] er_baseline.py:208 > Test | Sample # 3600 | test_loss 9.6318 | test_acc 0.0181 | 
[INFO] er_baseline.py:198 > Train | Sample # 3616 | train_loss 3.4172 | train_acc 0.0000 | lr 0.050000 | running_time 0:58:28 | ETA 12:[INFO][INFO] er_baseline.py:198 > Train | Sample # 3632 | train_loss 3.3663 | train_acc 0.0625 | lr 0.050000 | running_time 0:58:54 | ETA 12:[INFO][INFO] er_baseline.py:198 > Train | Sample # 3648 | train_loss 3.6483 | train_acc 0.0000 | lr 0.050000 | running_time 0:59:20 | ETA 12:[INFO][INFO] er_baseline.py:198 > Train | Sample # 3664 | train_loss 3.1871 | train_acc 0.0625 | lr 0.050000 | running_time 0:59:47 | ETA 12:[INFO][INFO] er_baseline.py:198 > Train | Sample # 3680 | train_loss 3.4685 | train_acc 0.0000 | lr 0.050000 | running_time 1:00:15 | ETA 12:[INFO][INFO] er_baseline.py:198 > Train | Sample # 3696 | train_loss 4.5562 | train_acc 0.0000 | lr 0.050000 | running_time 1:00:42[INFO] er_[INFO][INFO] er_baseline.py:208 > Test | Sample # 3700 | test_loss 6.1742 | test_acc 0.0185 | 
[INFO] er_baseline.py:198 > Train | Sample # 3712 | train_loss 3.2969 | train_acc 0.0625 | lr 0.050000 | running_time 1:01:34 | ETA 12:[INFO][INFO] er_baseline.py:198 > Train | Sample # 3728 | train_loss 3.4125 | train_acc 0.0000 | lr 0.050000 | running_time 1:01:59 | ETA 12:[INFO][INFO] er_baseline.py:198 > Train | Sample # 3744 | train_loss 3.7183 | train_acc 0.0000 | lr 0.050000 | running_time 1:02:26 | ETA 12:[INFO][INFO] er_baseline.py:198 > Train | Sample # 3760 | train_loss 3.4450 | train_acc 0.0625 | lr 0.050000 | running_time 1:02:51 | ETA 12:[INFO][INFO] er_baseline.py:198 > Train | Sample # 3776 | train_loss 3.4603 | train_acc 0.0625 | lr 0.050000 | running_time 1:03:18 | ETA 12:[INFO][INFO] er_baseline.py:198 > Train | Sample # 3792 | train_loss 3.3958 | train_acc 0.0000 | lr 0.050000 | running_time 1:03:45[INFO] er_[INFO][INFO] er_baseline.py:208 > Test | Sample # 3800 | test_loss 8.1383 | test_acc 0.0170 | 
[INFO] er_baseline.py:198 > Train | Sample # 3808 | train_loss 3.5875 | train_acc 0.0000 | lr 0.050000 | running_time 1:04:38 | ETA 13:[INFO][INFO] er_baseline.py:198 > Train | Sample # 3824 | train_loss 3.5385 | train_acc 0.0000 | lr 0.050000 | running_time 1:05:02 | ETA 13:[INFO][INFO] er_baseline.py:198 > Train | Sample # 3840 | train_loss 3.5286 | train_acc 0.0000 | lr 0.050000 | running_time 1:05:29 | ETA 13:[INFO][INFO] er_baseline.py:198 > Train | Sample # 3856 | train_loss 3.3483 | train_acc 0.0000 | lr 0.050000 | running_time 1:05:56 | ETA 13:[INFO][INFO] er_baseline.py:198 > Train | Sample # 3872 | train_loss 3.3611 | train_acc 0.0625 | lr 0.050000 | running_time 1:06:22 | ETA 13:[INFO][INFO] er_baseline.py:198 > Train | Sample # 3888 | train_loss 3.3035 | train_acc 0.0000 | lr 0.050000 | running_time 1:06:48[INFO] er_[INFO][INFO] er_baseline.py:208 > Test | Sample # 3900 | test_loss 7.4800 | test_acc 0.0200 | 
[INFO] er_baseline.py:198 > Train | Sample # 3904 | train_loss 3.2852 | train_acc 0.0625 | lr 0.050000 | running_time 1:07:41 | ETA 13:[INFO][INFO] er_baseline.py:198 > Train | Sample # 3920 | train_loss 3.3691 | train_acc 0.0625 | lr 0.050000 | running_time 1:08:08 | ETA 13:[INFO][INFO] er_baseline.py:198 > Train | Sample # 3936 | train_loss 3.1563 | train_acc 0.0625 | lr 0.050000 | running_time 1:08:33 | ETA 13:[INFO][INFO] er_baseline.py:198 > Train | Sample # 3952 | train_loss 4.0853 | train_acc 0.0625 | lr 0.050000 | running_time 1:08:58 | ETA 13:[INFO][INFO] er_baseline.py:198 > Train | Sample # 3968 | train_loss 3.5972 | train_acc 0.0000 | lr 0.050000 | running_time 1:09:25 | ETA 13:[INFO][INFO] er_baseline.py:198 > Train | Sample # 3984 | train_loss 3.3676 | train_acc 0.0000 | lr 0.050000 | running_time 1:09:52 | ETA 13:[INFO][INFO] er_baseline.py:198 > Train | Sample # 4000 | train_loss 3.5380 | train_acc 0.0000 | lr 0.050000 | running_time 1:10:18[INFO] er_[INFO][INFO] er_baseline.py:208 > Test | Sample # 4000 | test_loss 6.3506 | test_acc 0.0175 | 
[INFO] er_baseline.py:198 > Train | Sample # 4016 | train_loss 3.6799 | train_acc 0.0625 | lr 0.050000 | running_time 1:11:10 | ETA 13:[INFO][INFO] er_baseline.py:198 > Train | Sample # 4032 | train_loss 3.2356 | train_acc 0.0625 | lr 0.050000 | running_time 1:11:35 | ETA 13:[INFO][INFO] er_baseline.py:198 > Train | Sample # 4048 | train_loss 3.1046 | train_acc 0.1250 | lr 0.050000 | running_time 1:12:01 | ETA 13:[INFO][INFO] er_baseline.py:198 > Train | Sample # 4064 | train_loss 3.2311 | train_acc 0.0000 | lr 0.050000 | running_time 1:12:26 | ETA 13:[INFO][INFO] er_baseline.py:198 > Train | Sample # 4080 | train_loss 4.0594 | train_acc 0.0000 | lr 0.050000 | running_time 1:12:51 | ETA 13:[INFO][INFO] er_baseline.py:198 > Train | Sample # 4096 | train_loss 3.5320 | train_acc 0.0000 | lr 0.050000 | running_time 1:13:17[INFO] er_[INFO][INFO] er_baseline.py:208 > Test | Sample # 4100 | test_loss 6.4941 | test_acc 0.0149 | 
[INFO] er_baseline.py:198 > Train | Sample # 4112 | train_loss 3.2120 | train_acc 0.0625 | lr 0.050000 | running_time 1:14:07 | ETA 13:[INFO][INFO] er_baseline.py:198 > Train | Sample # 4128 | train_loss 3.0386 | train_acc 0.1250 | lr 0.050000 | running_time 1:14:31 | ETA 13:[INFO][INFO] er_baseline.py:198 > Train | Sample # 4144 | train_loss 3.6906 | train_acc 0.0625 | lr 0.050000 | running_time 1:14:57 | ETA 13:[INFO][INFO] er_baseline.py:198 > Train | Sample # 4160 | train_loss 3.1282 | train_acc 0.0625 | lr 0.050000 | running_time 1:15:21 | ETA 13:[INFO][INFO] er_baseline.py:198 > Train | Sample # 4176 | train_loss 3.2983 | train_acc 0.0625 | lr 0.050000 | running_time 1:15:46 | ETA 13:[INFO][INFO] er_baseline.py:198 > Train | Sample # 4192 | train_loss 3.8867 | train_acc 0.0625 | lr 0.050000 | running_time 1:16:11[INFO] er_[INFO][INFO] er_baseline.py:208 > Test | Sample # 4200 | test_loss 6.7497 | test_acc 0.0184 | 
[INFO] er_baseline.py:198 > Train | Sample # 4208 | train_loss 3.0501 | train_acc 0.0000 | lr 0.050000 | running_time 1:17:00 | ETA 13:[INFO][INFO] er_baseline.py:198 > Train | Sample # 4224 | train_loss 3.3594 | train_acc 0.0000 | lr 0.050000 | running_time 1:17:23 | ETA 13:[INFO][INFO] er_baseline.py:198 > Train | Sample # 4240 | train_loss 3.3624 | train_acc 0.0625 | lr 0.050000 | running_time 1:17:48 | ETA 13:[INFO][INFO] er_baseline.py:198 > Train | Sample # 4256 | train_loss 3.1736 | train_acc 0.0625 | lr 0.050000 | running_time 1:18:13 | ETA 14:[INFO][INFO] er_baseline.py:198 > Train | Sample # 4272 | train_loss 3.6799 | train_acc 0.0000 | lr 0.050000 | running_time 1:18:38 | ETA 14:[INFO][INFO] er_baseline.py:198 > Train | Sample # 4288 | train_loss 3.3884 | train_acc 0.0000 | lr 0.050000 | running_time 1:19:03[INFO] er_[INFO][INFO] er_baseline.py:208 > Test | Sample # 4300 | test_loss 6.0058 | test_acc 0.0143 | 
[INFO] er_baseline.py:198 > Train | Sample # 4304 | train_loss 3.1799 | train_acc 0.1875 | lr 0.050000 | running_time 1:19:52 | ETA 14:[INFO][INFO] er_baseline.py:198 > Train | Sample # 4320 | train_loss 3.3275 | train_acc 0.0000 | lr 0.050000 | running_time 1:20:17 | ETA 14:[INFO][INFO] er_baseline.py:198 > Train | Sample # 4336 | train_loss 3.8596 | train_acc 0.0000 | lr 0.050000 | running_time 1:20:43 | ETA 14:[INFO][INFO] er_baseline.py:198 > Train | Sample # 4352 | train_loss 3.1024 | train_acc 0.0625 | lr 0.050000 | running_time 1:21:07 | ETA 14:[INFO][INFO] er_baseline.py:198 > Train | Sample # 4368 | train_loss 3.0617 | train_acc 0.0000 | lr 0.050000 | running_time 1:21:31 | ETA 14:[INFO][INFO] er_baseline.py:198 > Train | Sample # 4384 | train_loss 3.5534 | train_acc 0.1250 | lr 0.050000 | running_time 1:21:57 | ETA 14:[INFO][INFO] er_baseline.py:198 > Train | Sample # 4400 | train_loss 3.7861 | train_acc 0.0000 | lr 0.050000 | running_time 1:22:21[INFO] er_[INFO][INFO] er_baseline.py:208 > Test | Sample # 4400 | test_loss 5.8182 | test_acc 0.0174 | 
[INFO] er_baseline.py:198 > Train | Sample # 4416 | train_loss 3.0763 | train_acc 0.0625 | lr 0.050000 | running_time 1:23:11 | ETA 14:[INFO][INFO] er_baseline.py:198 > Train | Sample # 4432 | train_loss 3.6664 | train_acc 0.1250 | lr 0.050000 | running_time 1:23:36 | ETA 14:[INFO][INFO] er_baseline.py:198 > Train | Sample # 4448 | train_loss 3.7026 | train_acc 0.0000 | lr 0.050000 | running_time 1:24:00 | ETA 14:[INFO][INFO] er_baseline.py:198 > Train | Sample # 4464 | train_loss 3.1585 | train_acc 0.1250 | lr 0.050000 | running_time 1:24:23 | ETA 14:[INFO][INFO] er_baseline.py:198 > Train | Sample # 4480 | train_loss 3.2426 | train_acc 0.0000 | lr 0.050000 | running_time 1:24:48 | ETA 14:[INFO][INFO] er_baseline.py:198 > Train | Sample # 4496 | train_loss 3.5862 | train_acc 0.0625 | lr 0.050000 | running_time 1:25:12[INFO] er_[INFO][INFO] er_baseline.py:208 > Test | Sample # 4500 | test_loss 5.4440 | test_acc 0.0184 | 
[INFO] er_baseline.py:198 > Train | Sample # 4512 | train_loss 3.5116 | train_acc 0.0625 | lr 0.050000 | running_time 1:26:01 | ETA 14:[INFO][INFO] er_baseline.py:198 > Train | Sample # 4528 | train_loss 3.0801 | train_acc 0.0000 | lr 0.050000 | running_time 1:26:26 | ETA 14:[INFO][INFO] er_baseline.py:198 > Train | Sample # 4544 | train_loss 3.2732 | train_acc 0.0000 | lr 0.050000 | running_time 1:26:51 | ETA 14:[INFO][INFO] er_baseline.py:198 > Train | Sample # 4560 | train_loss 3.4363 | train_acc 0.0000 | lr 0.050000 | running_time 1:27:13 | ETA 14:[INFO][INFO] er_baseline.py:198 > Train | Sample # 4576 | train_loss 3.1381 | train_acc 0.0000 | lr 0.050000 | running_time 1:27:38 | ETA 14:[INFO][INFO] er_baseline.py:198 > Train | Sample # 4592 | train_loss 3.1715 | train_acc 0.0625 | lr 0.050000 | running_time 1:28:02[INFO] er_[INFO][INFO] er_baseline.py:208 > Test | Sample # 4600 | test_loss 5.6336 | test_acc 0.0201 | 
[INFO] er_baseline.py:198 > Train | Sample # 4608 | train_loss 3.2563 | train_acc 0.0625 | lr 0.050000 | running_time 1:28:50 | ETA 14:[INFO][INFO] er_baseline.py:198 > Train | Sample # 4624 | train_loss 3.1524 | train_acc 0.0000 | lr 0.050000 | running_time 1:29:14 | ETA 14:[INFO][INFO] er_baseline.py:198 > Train | Sample # 4640 | train_loss 2.9772 | train_acc 0.1250 | lr 0.050000 | running_time 1:29:38 | ETA 14:[INFO][INFO] er_baseline.py:198 > Train | Sample # 4656 | train_loss 3.5135 | train_acc 0.1250 | lr 0.050000 | running_time 1:30:02 | ETA 14:[INFO][INFO] er_baseline.py:198 > Train | Sample # 4672 | train_loss 2.9828 | train_acc 0.0625 | lr 0.050000 | running_time 1:30:26 | ETA 14:[INFO][INFO] er_baseline.py:198 > Train | Sample # 4688 | train_loss 3.1471 | train_acc 0.0625 | lr 0.050000 | running_time 1:30:50[INFO] er_[INFO][INFO] er_baseline.py:208 > Test | Sample # 4700 | test_loss 6.1110 | test_acc 0.0172 | 
[INFO] er_baseline.py:198 > Train | Sample # 4704 | train_loss 3.3426 | train_acc 0.0625 | lr 0.050000 | running_time 1:31:39 | ETA 14:[INFO][INFO] er_baseline.py:198 > Train | Sample # 4720 | train_loss 3.4792 | train_acc 0.0000 | lr 0.050000 | running_time 1:32:04 | ETA 14:[INFO][INFO] er_baseline.py:198 > Train | Sample # 4736 | train_loss 3.1295 | train_acc 0.0625 | lr 0.050000 | running_time 1:32:29 | ETA 14:[INFO][INFO] er_baseline.py:198 > Train | Sample # 4752 | train_loss 4.0192 | train_acc 0.1250 | lr 0.050000 | running_time 1:32:53 | ETA 14:[INFO][INFO] er_baseline.py:198 > Train | Sample # 4768 | train_loss 3.3893 | train_acc 0.0000 | lr 0.050000 | running_time 1:33:15 | ETA 14:[INFO][INFO] er_baseline.py:198 > Train | Sample # 4784 | train_loss 3.3522 | train_acc 0.0000 | lr 0.050000 | running_time 1:33:40 | ETA 14:[INFO][INFO] er_baseline.py:198 > Train | Sample # 4800 | train_loss 3.2758 | train_acc 0.0000 | lr 0.050000 | running_time 1:34:03[INFO] er_[INFO][INFO] er_baseline.py:208 > Test | Sample # 4800 | test_loss 6.3126 | test_acc 0.0204 | 
[INFO] er_baseline.py:198 > Train | Sample # 4816 | train_loss 3.4513 | train_acc 0.0000 | lr 0.050000 | running_time 1:34:52 | ETA 14:[INFO][INFO] er_baseline.py:198 > Train | Sample # 4832 | train_loss 3.2886 | train_acc 0.0625 | lr 0.050000 | running_time 1:35:16 | ETA 14:[INFO][INFO] er_baseline.py:198 > Train | Sample # 4848 | train_loss 3.4567 | train_acc 0.0625 | lr 0.050000 | running_time 1:35:41 | ETA 14:[INFO][INFO] er_baseline.py:198 > Train | Sample # 4864 | train_loss 3.3023 | train_acc 0.0000 | lr 0.050000 | running_time 1:36:04 | ETA 14:[INFO][INFO] er_baseline.py:198 > Train | Sample # 4880 | train_loss 3.0082 | train_acc 0.0000 | lr 0.050000 | running_time 1:36:28 | ETA 14:[INFO][INFO] er_baseline.py:198 > Train | Sample # 4896 | train_loss 3.2589 | train_acc 0.0000 | lr 0.050000 | running_time 1:36:52[INFO] er_[INFO][INFO] er_baseline.py:208 > Test | Sample # 4900 | test_loss 6.2277 | test_acc 0.0140 | 
[INFO] er_baseline.py:198 > Train | Sample # 4912 | train_loss 3.2879 | train_acc 0.0000 | lr 0.050000 | running_time 1:37:39 | ETA 14:[INFO][INFO] er_baseline.py:198 > Train | Sample # 4928 | train_loss 2.9172 | train_acc 0.1250 | lr 0.050000 | running_time 1:38:04 | ETA 14:[INFO][INFO] er_baseline.py:198 > Train | Sample # 4944 | train_loss 3.3176 | train_acc 0.0625 | lr 0.050000 | running_time 1:38:27 | ETA 14:[INFO][INFO] er_baseline.py:198 > Train | Sample # 4960 | train_loss 3.3345 | train_acc 0.0625 | lr 0.050000 | running_time 1:38:53 | ETA 14:[INFO][INFO] er_baseline.py:198 > Train | Sample # 4976 | train_loss 3.2826 | train_acc 0.1250 | lr 0.050000 | running_time 1:39:15 | ETA 14:[INFO][INFO] er_baseline.py:198 > Train | Sample # 4992 | train_loss 3.4944 | train_acc 0.0000 | lr 0.050000 | running_time 1:39:40[INFO] er_[INFO][INFO] er_baseline.py:208 > Test | Sample # 5000 | test_loss 6.2142 | test_acc 0.0162 | 
[INFO] er_baseline.py:198 > Train | Sample # 5008 | train_loss 3.3702 | train_acc 0.0000 | lr 0.050000 | running_time 1:40:27 | ETA 15:[INFO][INFO] er_baseline.py:198 > Train | Sample # 5024 | train_loss 3.2182 | train_acc 0.0625 | lr 0.050000 | running_time 1:40:52 | ETA 15:[INFO][INFO] er_baseline.py:198 > Train | Sample # 5040 | train_loss 3.4795 | train_acc 0.0000 | lr 0.050000 | running_time 1:41:16 | ETA 15:[INFO][INFO] er_baseline.py:198 > Train | Sample # 5056 | train_loss 3.3207 | train_acc 0.0000 | lr 0.050000 | running_time 1:41:39 | ETA 15:[INFO][INFO] er_baseline.py:198 > Train | Sample # 5072 | train_loss 3.2826 | train_acc 0.0000 | lr 0.050000 | running_time 1:42:03 | ETA 15:[INFO][INFO] er_baseline.py:198 > Train | Sample # 5088 | train_loss 3.3163 | train_acc 0.1250 | lr 0.050000 | running_time 1:42:29[INFO] er_[INFO][INFO] er_baseline.py:208 > Test | Sample # 5100 | test_loss 5.8742 | test_acc 0.0220 | 
[INFO] er_baseline.py:198 > Train | Sample # 5104 | train_loss 3.2548 | train_acc 0.0625 | lr 0.050000 | running_time 1:43:17 | ETA 15:[INFO][INFO] er_baseline.py:198 > Train | Sample # 5120 | train_loss 3.2292 | train_acc 0.1250 | lr 0.050000 | running_time 1:43:40 | ETA 15:[INFO][INFO] er_baseline.py:198 > Train | Sample # 5136 | train_loss 3.0531 | train_acc 0.0000 | lr 0.050000 | running_time 1:44:05 | ETA 15:[INFO][INFO] er_baseline.py:198 > Train | Sample # 5152 | train_loss 3.3968 | train_acc 0.0000 | lr 0.050000 | running_time 1:44:28 | ETA 15:[INFO][INFO] er_baseline.py:198 > Train | Sample # 5168 | train_loss 3.1057 | train_acc 0.0625 | lr 0.050000 | running_time 1:44:53 | ETA 15:[INFO][INFO] er_baseline.py:198 > Train | Sample # 5184 | train_loss 3.2275 | train_acc 0.0000 | lr 0.050000 | running_time 1:45:16 | ETA 15:[INFO][INFO] er_baseline.py:198 > Train | Sample # 5200 | train_loss 3.2721 | train_acc 0.0000 | lr 0.050000 | running_time 1:45:41[INFO] er_[INFO][INFO] er_baseline.py:208 > Test | Sample # 5200 | test_loss 5.6944 | test_acc 0.0169 | 
[INFO] er_baseline.py:198 > Train | Sample # 5216 | train_loss 3.7009 | train_acc 0.0000 | lr 0.050000 | running_time 1:46:29 | ETA 15:[INFO][INFO] er_baseline.py:198 > Train | Sample # 5232 | train_loss 3.2050 | train_acc 0.0625 | lr 0.050000 | running_time 1:46:53 | ETA 15:[INFO][INFO] er_baseline.py:198 > Train | Sample # 5248 | train_loss 3.0124 | train_acc 0.0625 | lr 0.050000 | running_time 1:47:17 | ETA 15:[INFO][INFO] er_baseline.py:198 > Train | Sample # 5264 | train_loss 3.8370 | train_acc 0.0000 | lr 0.050000 | running_time 1:47:42 | ETA 15:[INFO][INFO] er_baseline.py:198 > Train | Sample # 5280 | train_loss 3.6899 | train_acc 0.0000 | lr 0.050000 | running_time 1:48:05 | ETA 15:[INFO][INFO] er_baseline.py:198 > Train | Sample # 5296 | train_loss 3.0568 | train_acc 0.1875 | lr 0.050000 | running_time 1:48:29[INFO] er_[INFO][INFO] er_baseline.py:208 > Test | Sample # 5300 | test_loss 6.1037 | test_acc 0.0204 | 
[INFO] er_baseline.py:198 > Train | Sample # 5312 | train_loss 3.2050 | train_acc 0.0625 | lr 0.050000 | running_time 1:49:18 | ETA 15:[INFO][INFO] er_baseline.py:198 > Train | Sample # 5328 | train_loss 3.3518 | train_acc 0.0625 | lr 0.050000 | running_time 1:49:41 | ETA 15:[INFO][INFO] er_baseline.py:198 > Train | Sample # 5344 | train_loss 3.3442 | train_acc 0.0000 | lr 0.050000 | running_time 1:50:05 | ETA 15:[INFO][INFO] er_baseline.py:198 > Train | Sample # 5360 | train_loss 3.2524 | train_acc 0.0625 | lr 0.050000 | running_time 1:50:29 | ETA 15:[INFO][INFO] er_baseline.py:198 > Train | Sample # 5376 | train_loss 3.1826 | train_acc 0.0625 | lr 0.050000 | running_time 1:50:52 | ETA 15:[INFO][INFO] er_baseline.py:198 > Train | Sample # 5392 | train_loss 3.0684 | train_acc 0.1250 | lr 0.050000 | running_time 1:51:16[INFO] er_[INFO][INFO] er_baseline.py:208 > Test | Sample # 5400 | test_loss 5.7459 | test_acc 0.0181 | 
[INFO] er_baseline.py:198 > Train | Sample # 5408 | train_loss 3.2520 | train_acc 0.0000 | lr 0.050000 | running_time 1:52:04 | ETA 15:[INFO][INFO] er_baseline.py:198 > Train | Sample # 5424 | train_loss 3.2511 | train_acc 0.0625 | lr 0.050000 | running_time 1:52:29 | ETA 15:[INFO][INFO] er_baseline.py:198 > Train | Sample # 5440 | train_loss 3.0370 | train_acc 0.0625 | lr 0.050000 | running_time 1:52:52 | ETA 15:[INFO][INFO] er_baseline.py:198 > Train | Sample # 5456 | train_loss 3.4666 | train_acc 0.0625 | lr 0.050000 | running_time 1:53:16 | ETA 15:[INFO][INFO] er_baseline.py:198 > Train | Sample # 5472 | train_loss 3.2255 | train_acc 0.0625 | lr 0.050000 | running_time 1:53:41 | ETA 15:[INFO][INFO] er_baseline.py:198 > Train | Sample # 5488 | train_loss 3.3939 | train_acc 0.0000 | lr 0.050000 | running_time 1:54:03[INFO] er_[INFO][INFO] er_baseline.py:208 > Test | Sample # 5500 | test_loss 5.7723 | test_acc 0.0266 | 
[INFO] er_baseline.py:198 > Train | Sample # 5504 | train_loss 3.1439 | train_acc 0.1250 | lr 0.050000 | running_time 1:54:52 | ETA 15:[INFO][INFO] er_baseline.py:198 > Train | Sample # 5520 | train_loss 3.1860 | train_acc 0.0000 | lr 0.050000 | running_time 1:55:17 | ETA 15:[INFO][INFO] er_baseline.py:198 > Train | Sample # 5536 | train_loss 3.1135 | train_acc 0.0625 | lr 0.050000 | running_time 1:55:40 | ETA 15:[INFO][INFO] er_baseline.py:198 > Train | Sample # 5552 | train_loss 3.4273 | train_acc 0.0625 | lr 0.050000 | running_time 1:56:04 | ETA 15:[INFO][INFO] er_baseline.py:198 > Train | Sample # 5568 | train_loss 3.5450 | train_acc 0.0625 | lr 0.050000 | running_time 1:56:29 | ETA 15:[INFO][INFO] er_baseline.py:198 > Train | Sample # 5584 | train_loss 3.4795 | train_acc 0.0000 | lr 0.050000 | running_time 1:56:53 | ETA 15:[INFO][INFO] er_baseline.py:198 > Train | Sample # 5600 | train_loss 3.3191 | train_acc 0.0000 | lr 0.050000 | running_time 1:57:16[INFO] er_[INFO][INFO] er_baseline.py:208 > Test | Sample # 5600 | test_loss 5.9330 | test_acc 0.0285 | 
[INFO] er_baseline.py:198 > Train | Sample # 5616 | train_loss 3.2462 | train_acc 0.0000 | lr 0.050000 | running_time 1:58:03 | ETA 15:[INFO][INFO] er_baseline.py:198 > Train | Sample # 5632 | train_loss 3.1897 | train_acc 0.0625 | lr 0.050000 | running_time 1:58:27 | ETA 15:[INFO][INFO] er_baseline.py:198 > Train | Sample # 5648 | train_loss 3.1785 | train_acc 0.0000 | lr 0.050000 | running_time 1:58:52 | ETA 15:[INFO][INFO] er_baseline.py:198 > Train | Sample # 5664 | train_loss 3.1724 | train_acc 0.0000 | lr 0.050000 | running_time 1:59:15 | ETA 15:[INFO][INFO] er_baseline.py:198 > Train | Sample # 5680 | train_loss 3.1937 | train_acc 0.1250 | lr 0.050000 | running_time 1:59:39 | ETA 15:[INFO][INFO] er_baseline.py:198 > Train | Sample # 5696 | train_loss 3.4176 | train_acc 0.1250 | lr 0.050000 | running_time 2:00:04[INFO] er_[INFO][INFO] er_baseline.py:208 > Test | Sample # 5700 | test_loss 6.0931 | test_acc 0.0202 | 
[INFO] er_baseline.py:198 > Train | Sample # 5712 | train_loss 4.1773 | train_acc 0.0625 | lr 0.050000 | running_time 2:00:50 | ETA 15:[INFO][INFO] er_baseline.py:198 > Train | Sample # 5728 | train_loss 3.1278 | train_acc 0.0625 | lr 0.050000 | running_time 2:01:14 | ETA 15:[INFO][INFO] er_baseline.py:198 > Train | Sample # 5744 | train_loss 3.2683 | train_acc 0.1250 | lr 0.050000 | running_time 2:01:38 | ETA 15:[INFO][INFO] er_baseline.py:198 > Train | Sample # 5760 | train_loss 3.2021 | train_acc 0.0000 | lr 0.050000 | running_time 2:02:02 | ETA 15:[INFO][INFO] er_baseline.py:198 > Train | Sample # 5776 | train_loss 3.6454 | train_acc 0.0625 | lr 0.050000 | running_time 2:02:26 | ETA 15:[INFO][INFO] er_baseline.py:198 > Train | Sample # 5792 | train_loss 3.2252 | train_acc 0.0000 | lr 0.050000 | running_time 2:02:49[INFO] er_[INFO][INFO] er_baseline.py:208 > Test | Sample # 5800 | test_loss 6.8440 | test_acc 0.0160 | 
[INFO] er_baseline.py:198 > Train | Sample # 5808 | train_loss 4.2810 | train_acc 0.0000 | lr 0.050000 | running_time 2:03:38 | ETA 15:[INFO][INFO] er_baseline.py:198 > Train | Sample # 5824 | train_loss 3.3274 | train_acc 0.1250 | lr 0.050000 | running_time 2:04:03 | ETA 15:[INFO][INFO] er_baseline.py:198 > Train | Sample # 5840 | train_loss 3.1009 | train_acc 0.0000 | lr 0.050000 | running_time 2:04:28 | ETA 15:[INFO][INFO] er_baseline.py:198 > Train | Sample # 5856 | train_loss 3.3210 | train_acc 0.0000 | lr 0.050000 | running_time 2:04:52 | ETA 15:[INFO][INFO] er_baseline.py:198 > Train | Sample # 5872 | train_loss 3.5175 | train_acc 0.0000 | lr 0.050000 | running_time 2:05:16 | ETA 15:[INFO][INFO] er_baseline.py:198 > Train | Sample # 5888 | train_loss 3.1833 | train_acc 0.0625 | lr 0.050000 | running_time 2:05:40[INFO] er_[INFO][INFO] er_baseline.py:208 > Test | Sample # 5900 | test_loss 26.6609 | test_acc 0.0205 | 
[INFO] er_baseline.py:198 > Train | Sample # 5904 | train_loss 3.3121 | train_acc 0.0000 | lr 0.050000 | running_time 2:06:28 | ETA 15[INFO] [INFO] er_baseline.py:198 > Train | Sample # 5920 | train_loss 3.1519 | train_acc 0.0000 | lr 0.050000 | running_time 2:06:51 | ETA 15[INFO] [INFO] er_baseline.py:198 > Train | Sample # 5936 | train_loss 3.2408 | train_acc 0.1250 | lr 0.050000 | running_time 2:07:15 | ETA 15[INFO] [INFO] er_baseline.py:198 > Train | Sample # 5952 | train_loss 2.9758 | train_acc 0.0625 | lr 0.050000 | running_time 2:07:38 | ETA 15[INFO] [INFO] er_baseline.py:198 > Train | Sample # 5968 | train_loss 3.0562 | train_acc 0.1875 | lr 0.050000 | running_time 2:08:03 | ETA 15[INFO] [INFO] er_baseline.py:198 > Train | Sample # 5984 | train_loss 2.9946 | train_acc 0.0625 | lr 0.050000 | running_time 2:08:28 | ETA 15[INFO] [INFO] er_baseline.py:198 > Train | Sample # 6000 | train_loss 3.3698 | train_acc 0.0000 | lr 0.050000 | running_time 2:08:5[INFO] er_[INFO] [INFO] er_baseline.py:208 > Test | Sample # 6000 | test_loss 30.2305 | test_acc 0.0194 | 
[INFO] er_baseline.py:198 > Train | Sample # 6016 | train_loss 3.5652 | train_acc 0.1250 | lr 0.050000 | running_time 2:09:40 | ETA 1[INFO] e[INFO] er_baseline.py:198 > Train | Sample # 6032 | train_loss 3.2162 | train_acc 0.1250 | lr 0.050000 | running_time 2:10:03 | ETA 1[INFO] e[INFO] er_baseline.py:198 > Train | Sample # 6048 | train_loss 3.7561 | train_acc 0.0625 | lr 0.050000 | running_time 2:10:27 | ETA 1[INFO] e[INFO] er_baseline.py:198 > Train | Sample # 6064 | train_loss 3.1966 | train_acc 0.0000 | lr 0.050000 | running_time 2:10:51 | ETA 1[INFO] e[INFO] er_baseline.py:198 > Train | Sample # 6080 | train_loss 3.0886 | train_acc 0.1250 | lr 0.050000 | running_time 2:11:15 | ETA 1[INFO] e[INFO] er_baseline.py:198 > Train | Sample # 6096 | train_loss 3.3243 | train_acc 0.0000 | lr 0.050000 | running_time 2:11:[INFO] er_[INFO] e[INFO] er_baseline.py:208 > Test | Sample # 6100 | test_loss 16.8848 | test_acc 0.0167 | 
[INFO] er_baseline.py:198 > Train | Sample # 6112 | train_loss 3.6234 | train_acc 0.0000 | lr 0.050000 | running_time 2:12:27 | ETA [INFO] er[INFO] er_baseline.py:198 > Train | Sample # 6128 | train_loss 3.4353 | train_acc 0.0625 | lr 0.050000 | running_time 2:12:51 | ETA [INFO] er[INFO] er_baseline.py:198 > Train | Sample # 6144 | train_loss 3.0850 | train_acc 0.0625 | lr 0.050000 | running_time 2:13:13 | ETA [INFO] er[INFO] er_baseline.py:198 > Train | Sample # 6160 | train_loss 3.1667 | train_acc 0.0625 | lr 0.050000 | running_time 2:13:38 | ETA [INFO] er[INFO] er_baseline.py:198 > Train | Sample # 6176 | train_loss 3.4692 | train_acc 0.0000 | lr 0.050000 | running_time 2:14:02 | ETA [INFO] er[INFO] er_baseline.py:198 > Train | Sample # 6192 | train_loss 3.4030 | train_acc 0.0625 | lr 0.050000 | running_time 2:14[INFO] er_[INFO] er[INFO] er_baseline.py:208 > Test | Sample # 6200 | test_loss 9.0342 | test_acc 0.0246 | 
[INFO] er_baseline.py:198 > Train | Sample # 6208 | train_loss 3.1603 | train_acc 0.0000 | lr 0.050000 | running_time 2:15:13 | ETA [INFO] er[INFO] er_baseline.py:198 > Train | Sample # 6224 | train_loss 2.9860 | train_acc 0.0625 | lr 0.050000 | running_time 2:15:37 | ETA [INFO] er[INFO] er_baseline.py:198 > Train | Sample # 6240 | train_loss 3.5575 | train_acc 0.0000 | lr 0.050000 | running_time 2:16:02 | ETA [INFO] er[INFO] er_baseline.py:198 > Train | Sample # 6256 | train_loss 3.1747 | train_acc 0.0625 | lr 0.050000 | running_time 2:16:25 | ETA [INFO] er[INFO] er_baseline.py:198 > Train | Sample # 6272 | train_loss 3.3335 | train_acc 0.0625 | lr 0.050000 | running_time 2:16:51 | ETA [INFO] er[INFO] er_baseline.py:198 > Train | Sample # 6288 | train_loss 3.1707 | train_acc 0.0625 | lr 0.050000 | running_time 2:17[INFO] er_[INFO] er[INFO] er_baseline.py:208 > Test | Sample # 6300 | test_loss 10.0559 | test_acc 0.0246 | 
[INFO] er_baseline.py:198 > Train | Sample # 6304 | train_loss 3.0768 | train_acc 0.1250 | lr 0.050000 | running_time 2:18:01 | ETA[INFO] er_[INFO] er_baseline.py:198 > Train | Sample # 6320 | train_loss 3.2708 | train_acc 0.1250 | lr 0.050000 | running_time 2:18:23 | ETA[INFO] er_[INFO] er_baseline.py:198 > Train | Sample # 6336 | train_loss 3.5533 | train_acc 0.1875 | lr 0.050000 | running_time 2:18:48 | ETA[INFO] er_[INFO] er_baseline.py:198 > Train | Sample # 6352 | train_loss 3.4846 | train_acc 0.1250 | lr 0.050000 | running_time 2:19:12 | ETA[INFO] er_[INFO] er_baseline.py:198 > Train | Sample # 6368 | train_loss 2.8774 | train_acc 0.1250 | lr 0.050000 | running_time 2:19:36 | ETA[INFO] er_[INFO] er_baseline.py:198 > Train | Sample # 6384 | train_loss 3.8958 | train_acc 0.0000 | lr 0.050000 | running_time 2:20:00 | ETA[INFO] er_[INFO] er_baseline.py:198 > Train | Sample # 6400 | train_loss 3.2802 | train_acc 0.0625 | lr 0.050000 | running_time 2:2[INFO] er_[INFO] er_[INFO] er_baseline.py:208 > Test | Sample # 6400 | test_loss 7.0588 | test_acc 0.0216 | 
[INFO] er_baseline.py:198 > Train | Sample # 6416 | train_loss 3.1018 | train_acc 0.0625 | lr 0.050000 | running_time 2:21:13 | ETA[INFO] er_[INFO] er_baseline.py:198 > Train | Sample # 6432 | train_loss 3.1262 | train_acc 0.0000 | lr 0.050000 | running_time 2:21:36 | ETA[INFO] er_[INFO] er_baseline.py:198 > Train | Sample # 6448 | train_loss 3.4477 | train_acc 0.0625 | lr 0.050000 | running_time 2:22:00 | ETA[INFO] er_[INFO] er_baseline.py:198 > Train | Sample # 6464 | train_loss 3.0535 | train_acc 0.0625 | lr 0.050000 | running_time 2:22:23 | ETA[INFO] er_[INFO] er_baseline.py:198 > Train | Sample # 6480 | train_loss 3.4017 | train_acc 0.0000 | lr 0.050000 | running_time 2:22:47 | ETA[INFO] er_[INFO] er_baseline.py:198 > Train | Sample # 6496 | train_loss 3.4674 | train_acc 0.0000 | lr 0.050000 | running_time 2:2[INFO] er_[INFO] er_[INFO] er_baseline.py:208 > Test | Sample # 6500 | test_loss 6.2696 | test_acc 0.0252 | 
[INFO] er_baseline.py:198 > Train | Sample # 6512 | train_loss 3.1847 | train_acc 0.0625 | lr 0.050000 | running_time 2:24:00 | ETA[INFO] er_[INFO] er_baseline.py:198 > Train | Sample # 6528 | train_loss 3.2719 | train_acc 0.1875 | lr 0.050000 | running_time 2:24:22 | ETA[INFO] er_[INFO] er_baseline.py:198 > Train | Sample # 6544 | train_loss 2.9790 | train_acc 0.0000 | lr 0.050000 | running_time 2:24:46 | ETA[INFO] er_[INFO] er_baseline.py:198 > Train | Sample # 6560 | train_loss 3.2203 | train_acc 0.0000 | lr 0.050000 | running_time 2:25:10 | ETA[INFO] er_[INFO] er_baseline.py:198 > Train | Sample # 6576 | train_loss 3.1622 | train_acc 0.1250 | lr 0.050000 | running_time 2:25:33 | ETA[INFO] er_[INFO] er_baseline.py:198 > Train | Sample # 6592 | train_loss 3.7009 | train_acc 0.0000 | lr 0.050000 | running_time 2:2[INFO] er_[INFO] er_[INFO] er_baseline.py:208 > Test | Sample # 6600 | test_loss 5.7498 | test_acc 0.0323 | 
[INFO] er_baseline.py:198 > Train | Sample # 6608 | train_loss 3.0764 | train_acc 0.0000 | lr 0.050000 | running_time 2:2[INFO] er_[INFO] er_[INFO] er_baseline.py:198 > Train | Sample # 6624 | train_loss 3.1888 | train_acc 0.0625 | lr 0.050000 | running_time 2:2[INFO] er_[INFO] er_[INFO] er_baseline.py:198 > Train | Sample # 6640 | train_loss 3.1323 | train_acc 0.0625 | lr 0.050000 | running_time 2:2[INFO] er_[INFO] er_[INFO] er_baseline.py:198 > Train | Sample # 6656 | train_loss 3.1963 | train_acc 0.0000 | lr 0.050000 | running_time 2:2[INFO] er_[INFO] er_[INFO] er_baseline.py:198 > Train | Sample # 6672 | train_loss 3.2304 | train_acc 0.0625 | lr 0.050000 | running_time 2:2[INFO] er_[INFO] er_[INFO] er_baseline.py:198 > Train | Sample # 6688 | train_loss 2.9131 | train_acc 0.1250 | lr 0.050000 | running_time 2:2[INFO] er_[INFO] er_[INFO] er_baseline.py:208 > Test | Sample # 6700 | test_loss 6.2418 | test_acc 0.0207 | 
[INFO] er_baseline.py:198 > Train | Sample # 6704 | train_loss 3.0535 | train_acc 0.0625 | lr 0.050000 | running_time 2:2[INFO] er_[INFO] er_[INFO] er_baseline.py:198 > Train | Sample # 6720 | train_loss 3.2088 | train_acc 0.1250 | lr 0.050000 | running_time 2:2[INFO] er_[INFO] er_[INFO] er_baseline.py:198 > Train | Sample # 6736 | train_loss 3.2726 | train_acc 0.0000 | lr 0.050000 | running_time 2:3[INFO] er_[INFO] er_[INFO] er_baseline.py:198 > Train | Sample # 6752 | train_loss 3.3590 | train_acc 0.0000 | lr 0.050000 | running_time 2:3[INFO] er_[INFO] er_[INFO] er_baseline.py:198 > Train | Sample # 6768 | train_loss 3.0811 | train_acc 0.3750 | lr 0.050000 | running_time 2:3[INFO] er_[INFO] er_[INFO] er_baseline.py:198 > Train | Sample # 6784 | train_loss 3.3394 | train_acc 0.0000 | lr 0.050000 | running_time 2:3[INFO] er_[INFO] er_[INFO] er_baseline.py:198 > Train | Sample # 6800 | train_loss 2.9803 | train_acc 0.0625 | lr 0.050000 | running_time 2:3[INFO] er_[INFO] er_[INFO] er_baseline.py:208 > Test | Sample # 6800 | test_loss 6.2090 | test_acc 0.0213 | 
[INFO] er_baseline.py:198 > Train | Sample # 6816 | train_loss 3.1864 | train_acc 0.0625 | lr 0.050000 | running_time 2:3[INFO] er_[INFO] er_[INFO] er_baseline.py:198 > Train | Sample # 6832 | train_loss 3.1366 | train_acc 0.0000 | lr 0.050000 | running_time 2:3[INFO] er_[INFO] er_[INFO] er_baseline.py:198 > Train | Sample # 6848 | train_loss 3.0297 | train_acc 0.1250 | lr 0.050000 | running_time 2:3[INFO] er_[INFO] er_[INFO] er_baseline.py:198 > Train | Sample # 6864 | train_loss 3.5616 | train_acc 0.0625 | lr 0.050000 | running_time 2:3[INFO] er_[INFO] er_[INFO] er_baseline.py:198 > Train | Sample # 6880 | train_loss 3.3271 | train_acc 0.0625 | lr 0.050000 | running_time 2:3[INFO] er_[INFO] er_[INFO] er_baseline.py:198 > Train | Sample # 6896 | train_loss 3.2507 | train_acc 0.0625 | lr 0.050000 | running_time 2:3[INFO] er_[INFO] er_[INFO] er_baseline.py:208 > Test | Sample # 6900 | test_loss 5.8615 | test_acc 0.0263 | 
[INFO] er_baseline.py:198 > Train | Sample # 6912 | train_loss 3.4750 | train_acc 0.0625 | lr 0.050000 | running_time 2:3[INFO] er_[INFO] er_[INFO] er_baseline.py:198 > Train | Sample # 6928 | train_loss 3.0249 | train_acc 0.0625 | lr 0.050000 | running_time 2:3[INFO] er_[INFO] er_[INFO] er_baseline.py:198 > Train | Sample # 6944 | train_loss 3.5573 | train_acc 0.0000 | lr 0.050000 | running_time 2:3[INFO] er_[INFO] er_[INFO] er_baseline.py:198 > Train | Sample # 6960 | train_loss 3.2138 | train_acc 0.0000 | lr 0.050000 | running_time 2:3[INFO] er_[INFO] er_[INFO] er_baseline.py:198 > Train | Sample # 6976 | train_loss 3.0666 | train_acc 0.1250 | lr 0.050000 | running_time 2:3[INFO] er_[INFO] er_[INFO] er_baseline.py:198 > Train | Sample # 6992 | train_loss 3.0624 | train_acc 0.0000 | lr 0.050000 | running_time 2:3[INFO] er_[INFO] er_[INFO] er_baseline.py:208 > Test | Sample # 7000 | test_loss 5.7964 | test_acc 0.0297 | 
[INFO] er_baseline.py:198 > Train | Sample # 7008 | train_loss 2.9935 | train_acc 0.0625 | lr 0.050000 | running_time 2:3[INFO] er_[INFO] er_[INFO] er_baseline.py:198 > Train | Sample # 7024 | train_loss 3.1483 | train_acc 0.0000 | lr 0.050000 | running_time 2:3[INFO] er_[INFO] er_[INFO] er_baseline.py:198 > Train | Sample # 7040 | train_loss 3.0873 | train_acc 0.0625 | lr 0.050000 | running_time 2:3[INFO] er_[INFO] er_[INFO] er_baseline.py:198 > Train | Sample # 7056 | train_loss 3.7185 | train_acc 0.0000 | lr 0.050000 | running_time 2:3[INFO] er_[INFO] er_[INFO] er_baseline.py:198 > Train | Sample # 7072 | train_loss 3.3362 | train_acc 0.0625 | lr 0.050000 | running_time 2:3[INFO] er_[INFO] er_[INFO] er_baseline.py:198 > Train | Sample # 7088 | train_loss 3.3260 | train_acc 0.0625 | lr 0.050000 | running_time 2:4[INFO] er_[INFO] er_[INFO] er_baseline.py:208 > Test | Sample # 7100 | test_loss 6.2196 | test_acc 0.0313 | 
[INFO] er_baseline.py:198 > Train | Sample # 7104 | train_loss 3.1211 | train_acc 0.0625 | lr 0.050000 | running_time 2:4[INFO] er_[INFO] er_[INFO] er_baseline.py:198 > Train | Sample # 7120 | train_loss 3.3168 | train_acc 0.1250 | lr 0.050000 | running_time 2:4[INFO] er_[INFO] er_[INFO] er_baseline.py:198 > Train | Sample # 7136 | train_loss 3.0865 | train_acc 0.1250 | lr 0.050000 | running_time 2:4[INFO] er_[INFO] er_[INFO] er_baseline.py:198 > Train | Sample # 7152 | train_loss 2.9631 | train_acc 0.1875 | lr 0.050000 | running_time 2:4[INFO] er_[INFO] er_[INFO] er_baseline.py:198 > Train | Sample # 7168 | train_loss 3.0164 | train_acc 0.0625 | lr 0.050000 | running_time 2:4[INFO] er_[INFO] er_[INFO] er_baseline.py:198 > Train | Sample # 7184 | train_loss 3.4246 | train_acc 0.1250 | lr 0.050000 | running_time 2:4[INFO] er_[INFO] er_[INFO] er_baseline.py:198 > Train | Sample # 7200 | train_loss 3.2531 | train_acc 0.0000 | lr 0.050000 | running_time 2:4[INFO] er_[INFO] er_[INFO] er_baseline.py:208 > Test | Sample # 7200 | test_loss 6.1251 | test_acc 0.0216 | 
[INFO] er_baseline.py:198 > Train | Sample # 7216 | train_loss 3.0287 | train_acc 0.0625 | lr 0.050000 | running_time 2:4[INFO] er_[INFO] er_[INFO] er_baseline.py:198 > Train | Sample # 7232 | train_loss 3.1235 | train_acc 0.0000 | lr 0.050000 | running_time 2:4[INFO] er_[INFO] er_[INFO] er_baseline.py:198 > Train | Sample # 7248 | train_loss 3.4501 | train_acc 0.0000 | lr 0.050000 | running_time 2:4[INFO] er_[INFO] er_[INFO] er_baseline.py:198 > Train | Sample # 7264 | train_loss 3.7186 | train_acc 0.0000 | lr 0.050000 | running_time 2:4[INFO] er_[INFO] er_[INFO] er_baseline.py:198 > Train | Sample # 7280 | train_loss 3.3121 | train_acc 0.1250 | lr 0.050000 | running_time 2:4[INFO] er_[INFO] er_[INFO] er_baseline.py:198 > Train | Sample # 7296 | train_loss 3.0178 | train_acc 0.0625 | lr 0.050000 | running_time 2:4[INFO] er_[INFO] er_[INFO] er_baseline.py:208 > Test | Sample # 7300 | test_loss 6.4441 | test_acc 0.0262 | 
[INFO] er_baseline.py:198 > Train | Sample # 7312 | train_loss 3.0216 | train_acc 0.1250 | lr 0.050000 | running_time 2:4[INFO] er_[INFO] er_[INFO] er_baseline.py:198 > Train | Sample # 7328 | train_loss 3.5160 | train_acc 0.0625 | lr 0.050000 | running_time 2:4[INFO] er_[INFO] er_[INFO] er_baseline.py:198 > Train | Sample # 7344 | train_loss 3.6512 | train_acc 0.0000 | lr 0.050000 | running_time 2:4[INFO] er_[INFO] er_[INFO] er_baseline.py:198 > Train | Sample # 7360 | train_loss 3.1949 | train_acc 0.0625 | lr 0.050000 | running_time 2:4[INFO] er_[INFO] er_[INFO] er_baseline.py:198 > Train | Sample # 7376 | train_loss 3.2031 | train_acc 0.0000 | lr 0.050000 | running_time 2:4[INFO] er_[INFO] er_[INFO] er_baseline.py:198 > Train | Sample # 7392 | train_loss 3.3156 | train_acc 0.1250 | lr 0.050000 | running_time 2:4[INFO] er_[INFO] er_[INFO] er_baseline.py:208 > Test | Sample # 7400 | test_loss 6.6738 | test_acc 0.0229 | 
[INFO] er_baseline.py:198 > Train | Sample # 7408 | train_loss 3.1722 | train_acc 0.0625 | lr 0.050000 | running_time 2:4[INFO] er_[INFO] er_[INFO] er_baseline.py:198 > Train | Sample # 7424 | train_loss 2.9158 | train_acc 0.0625 | lr 0.050000 | running_time 2:4[INFO] er_[INFO] er_[INFO] er_baseline.py:198 > Train | Sample # 7440 | train_loss 3.1942 | train_acc 0.0625 | lr 0.050000 | running_time 2:5[INFO] er_[INFO] er_[INFO] er_baseline.py:198 > Train | Sample # 7456 | train_loss 3.7244 | train_acc 0.0625 | lr 0.050000 | running_time 2:5[INFO] er_[INFO] er_[INFO] er_baseline.py:198 > Train | Sample # 7472 | train_loss 2.9900 | train_acc 0.0625 | lr 0.050000 | running_time 2:5[INFO] er_[INFO] er_[INFO] er_baseline.py:198 > Train | Sample # 7488 | train_loss 3.4297 | train_acc 0.0000 | lr 0.050000 | running_time 2:5[INFO] er_[INFO] er_[INFO] er_baseline.py:208 > Test | Sample # 7500 | test_loss 6.5849 | test_acc 0.0253 | 
[INFO] er_baseline.py:198 > Train | Sample # 7504 | train_loss 3.1179 | train_acc 0.0000 | lr 0.050000 | running_time 2:5[INFO] er_[INFO] er_[INFO] er_baseline.py:198 > Train | Sample # 7520 | train_loss 3.4110 | train_acc 0.0625 | lr 0.050000 | running_time 2:5[INFO] er_[INFO] er_baseline.py:198 > Train | Sample # 7536 | train_loss 3.2220 | train_acc 0.0000 | lr 0.050000 | running_time 2:53:06 | ETA[INFO] er_[INFO] er_baseline.py:198 > Train | Sample # 7552 | train_loss 3.0363 | train_acc 0.0000 | lr 0.050000 | running_time 2:53:29 | ETA[INFO] er_[INFO] er_baseline.py:198 > Train | Sample # 7568 | train_loss 3.0522 | train_acc 0.0000 | lr 0.050000 | running_time 2:53:54 | ETA[INFO] er_[INFO] er_baseline.py:198 > Train | Sample # 7584 | train_loss 3.0553 | train_acc 0.0625 | lr 0.050000 | running_time 2:54:17 | ETA[INFO] er_[INFO] er_baseline.py:198 > Train | Sample # 7600 | train_loss 2.9320 | train_acc 0.0625 | lr 0.050000 | running_time 2:54:41 | ETA[INFO] er_[INFO] er_baseline.py:208 > Test | Sample # 7600 | test_loss 5.5422 | test_acc 0.0290 | 
[INFO] er_baseline.py:198 > Train | Sample # 7616 | train_loss 3.7006 | train_acc 0.1250 | lr 0.050000 | running_time 2:55:29 | ETA[INFO] er_[INFO] er_baseline.py:198 > Train | Sample # 7632 | train_loss 3.0027 | train_acc 0.0625 | lr 0.050000 | running_time 2:55:52 | ETA[INFO] er_[INFO] er_baseline.py:198 > Train | Sample # 7648 | train_loss 3.2824 | train_acc 0.1250 | lr 0.050000 | running_time 2:56:15 | ETA[INFO] er_[INFO] er_baseline.py:198 > Train | Sample # 7664 | train_loss 3.1335 | train_acc 0.0625 | lr 0.050000 | running_time 2:56:40 | ETA[INFO] er_[INFO] er_baseline.py:198 > Train | Sample # 7680 | train_loss 3.4975 | train_acc 0.0625 | lr 0.050000 | running_time 2:57:02 | ETA[INFO] er_[INFO] er_baseline.py:198 > Train | Sample # 7696 | train_loss 3.4370 | train_acc 0.0000 | lr 0.050000 | running_time 2:57:26 | ETA[INFO] er_[INFO] er_baseline.py:208 > Test | Sample # 7700 | test_loss 5.4239 | test_acc 0.0338 | 
[INFO] er_baseline.py:198 > Train | Sample # 7712 | train_loss 2.9788 | train_acc 0.0625 | lr 0.050000 | running_time 2:58:14 | ETA[INFO] er_[INFO] er_baseline.py:198 > Train | Sample # 7728 | train_loss 3.0500 | train_acc 0.0000 | lr 0.050000 | running_time 2:58:39 | ETA[INFO] er_[INFO] er_baseline.py:198 > Train | Sample # 7744 | train_loss 3.2341 | train_acc 0.0000 | lr 0.050000 | running_time 2:59:02 | ETA[INFO] er_[INFO] er_baseline.py:198 > Train | Sample # 7760 | train_loss 3.0891 | train_acc 0.0625 | lr 0.050000 | running_time 2:59:25 | ETA[INFO] er_[INFO] er_baseline.py:198 > Train | Sample # 7776 | train_loss 3.9680 | train_acc 0.0000 | lr 0.050000 | running_time 2:59:49 | ETA[INFO] er_[INFO] er_baseline.py:198 > Train | Sample # 7792 | train_loss 2.9743 | train_acc 0.0000 | lr 0.050000 | running_time 3:00:13 | ETA[INFO] er_[INFO] er_baseline.py:208 > Test | Sample # 7800 | test_loss 5.5133 | test_acc 0.0277 | 
[INFO] er_baseline.py:198 > Train | Sample # 7808 | train_loss 3.1445 | train_acc 0.0000 | lr 0.050000 | running_time 3:01:00 | ETA[INFO] er_[INFO] er_baseline.py:198 > Train | Sample # 7824 | train_loss 3.2443 | train_acc 0.0000 | lr 0.050000 | running_time 3:01:25 | ETA[INFO] er_[INFO] er_baseline.py:198 > Train | Sample # 7840 | train_loss 3.0726 | train_acc 0.1250 | lr 0.050000 | running_time 3:01:49 | ETA[INFO] er_[INFO] er_baseline.py:198 > Train | Sample # 7856 | train_loss 3.3457 | train_acc 0.0000 | lr 0.050000 | running_time 3:02:11 | ETA[INFO] er_[INFO] er_baseline.py:198 > Train | Sample # 7872 | train_loss 3.5013 | train_acc 0.0625 | lr 0.050000 | running_time 3:02:35 | ETA[INFO] er_[INFO] er_baseline.py:198 > Train | Sample # 7888 | train_loss 3.4492 | train_acc 0.0000 | lr 0.050000 | running_time 3:02:59 | ETA[INFO] er_[INFO] er_baseline.py:208 > Test | Sample # 7900 | test_loss 5.4453 | test_acc 0.0282 | 
[INFO] er_baseline.py:198 > Train | Sample # 7904 | train_loss 2.9630 | train_acc 0.1250 | lr 0.050000 | running_time 3:03:45 | ETA[INFO] er_[INFO] er_baseline.py:198 > Train | Sample # 7920 | train_loss 3.3161 | train_acc 0.1250 | lr 0.050000 | running_time 3:04:08 | ETA[INFO] er_[INFO] er_baseline.py:198 > Train | Sample # 7936 | train_loss 3.2791 | train_acc 0.0625 | lr 0.050000 | running_time 3:04:31 | ETA[INFO] er_[INFO] er_baseline.py:198 > Train | Sample # 7952 | train_loss 3.9250 | train_acc 0.0000 | lr 0.050000 | running_time 3:04:55 | ETA[INFO] er_[INFO] er_baseline.py:198 > Train | Sample # 7968 | train_loss 3.4070 | train_acc 0.0625 | lr 0.050000 | running_time 3:05:18 | ETA[INFO] er_[INFO] er_baseline.py:198 > Train | Sample # 7984 | train_loss 3.7145 | train_acc 0.0625 | lr 0.050000 | running_time 3:05:42 | ETA[INFO] er_[INFO] er_baseline.py:198 > Train | Sample # 8000 | train_loss 3.1864 | train_acc 0.1250 | lr 0.050000 | running_time 3:06:06 | ETA[INFO] er_[INFO] er_baseline.py:208 > Test | Sample # 8000 | test_loss 5.6406 | test_acc 0.0255 | 
[INFO] er_baseline.py:198 > Train | Sample # 8016 | train_loss 3.1531 | train_acc 0.2500 | lr 0.050000 | running_time 3:06:53 | ETA[INFO] er_[INFO] er_baseline.py:198 > Train | Sample # 8032 | train_loss 3.3290 | train_acc 0.0625 | lr 0.050000 | running_time 3:07:16 | ETA[INFO] er_[INFO] er_baseline.py:198 > Train | Sample # 8048 | train_loss 3.1882 | train_acc 0.0625 | lr 0.050000 | running_time 3:07:39 | ETA[INFO] er_[INFO] er_baseline.py:198 > Train | Sample # 8064 | train_loss 3.4397 | train_acc 0.0000 | lr 0.050000 | running_time 3:08:03 | ETA[INFO] er_[INFO] er_baseline.py:198 > Train | Sample # 8080 | train_loss 3.4713 | train_acc 0.0000 | lr 0.050000 | running_time 3:08:27 | ETA[INFO] er_[INFO] er_baseline.py:198 > Train | Sample # 8096 | train_loss 3.0861 | train_acc 0.0000 | lr 0.050000 | running_time 3:08:50 | ETA[INFO] er_[INFO] er_baseline.py:208 > Test | Sample # 8100 | test_loss 5.7181 | test_acc 0.0259 | 
[INFO] er_baseline.py:198 > Train | Sample # 8112 | train_loss 3.1409 | train_acc 0.1250 | lr 0.050000 | running_time 3:09:36 | ETA[INFO] er_[INFO] er_baseline.py:198 > Train | Sample # 8128 | train_loss 3.4178 | train_acc 0.0625 | lr 0.050000 | running_time 3:10:00 | ETA[INFO] er_[INFO] er_baseline.py:198 > Train | Sample # 8144 | train_loss 3.3307 | train_acc 0.0625 | lr 0.050000 | running_time 3:10:23 | ETA[INFO] er_[INFO] er_baseline.py:198 > Train | Sample # 8160 | train_loss 3.1763 | train_acc 0.0000 | lr 0.050000 | running_time 3:10:47 | ETA[INFO] er_[INFO] er_baseline.py:198 > Train | Sample # 8176 | train_loss 3.3055 | train_acc 0.0000 | lr 0.050000 | running_time 3:11:09 | ETA[INFO] er_[INFO] er_baseline.py:198 > Train | Sample # 8192 | train_loss 3.5252 | train_acc 0.0000 | lr 0.050000 | running_time 3:11:34 | ETA[INFO] er_[INFO] er_baseline.py:208 > Test | Sample # 8200 | test_loss 5.3665 | test_acc 0.0248 | 
[INFO] er_baseline.py:198 > Train | Sample # 8208 | train_loss 3.0974 | train_acc 0.0625 | lr 0.050000 | running_time 3:12:21 | ETA[INFO] er_[INFO] er_baseline.py:198 > Train | Sample # 8224 | train_loss 3.1551 | train_acc 0.0000 | lr 0.050000 | running_time 3:12:44 | ETA[INFO] er_[INFO] er_baseline.py:198 > Train | Sample # 8240 | train_loss 3.0535 | train_acc 0.0000 | lr 0.050000 | running_time 3:13:05 | ETA[INFO] er_[INFO] er_baseline.py:198 > Train | Sample # 8256 | train_loss 3.5515 | train_acc 0.0625 | lr 0.050000 | running_time 3:13:30 | ETA[INFO] er_[INFO] er_baseline.py:198 > Train | Sample # 8272 | train_loss 3.0201 | train_acc 0.0000 | lr 0.050000 | running_time 3:13:52 | ETA[INFO] er_[INFO] er_baseline.py:198 > Train | Sample # 8288 | train_loss 3.2175 | train_acc 0.1250 | lr 0.050000 | running_time 3:14:14 | ETA[INFO] er_[INFO] er_baseline.py:208 > Test | Sample # 8300 | test_loss 5.2722 | test_acc 0.0306 | 
[INFO] er_baseline.py:198 > Train | Sample # 8304 | train_loss 3.1185 | train_acc 0.1250 | lr 0.050000 | running_time 3:15:02 | ETA[INFO] er_[INFO] er_baseline.py:198 > Train | Sample # 8320 | train_loss 3.5516 | train_acc 0.1875 | lr 0.050000 | running_time 3:15:25 | ETA[INFO] er_[INFO] er_baseline.py:198 > Train | Sample # 8336 | train_loss 3.3462 | train_acc 0.1875 | lr 0.050000 | running_time 3:15:48 | ETA[INFO] er_[INFO] er_baseline.py:198 > Train | Sample # 8352 | train_loss 3.3949 | train_acc 0.0625 | lr 0.050000 | running_time 3:16:10 | ETA[INFO] er_[INFO] er_baseline.py:198 > Train | Sample # 8368 | train_loss 3.2108 | train_acc 0.0000 | lr 0.050000 | running_time 3:16:35 | ETA[INFO] er_[INFO] er_baseline.py:198 > Train | Sample # 8384 | train_loss 3.5626 | train_acc 0.0000 | lr 0.050000 | running_time 3:16:58 | ETA[INFO] er_[INFO] er_baseline.py:198 > Train | Sample # 8400 | train_loss 3.2420 | train_acc 0.1250 | lr 0.050000 | running_time 3:17:22 | ETA[INFO] er_[INFO] er_baseline.py:208 > Test | Sample # 8400 | test_loss 5.3898 | test_acc 0.0310 | 
[INFO] er_baseline.py:198 > Train | Sample # 8416 | train_loss 3.0455 | train_acc 0.1250 | lr 0.050000 | running_time 3:18:10 | ETA[INFO] er_[INFO] er_baseline.py:198 > Train | Sample # 8432 | train_loss 3.0197 | train_acc 0.0625 | lr 0.050000 | running_time 3:18:33 | ETA[INFO] er_[INFO] er_baseline.py:198 > Train | Sample # 8448 | train_loss 3.2079 | train_acc 0.0000 | lr 0.050000 | running_time 3:18:56 | ETA[INFO] er_[INFO] er_baseline.py:198 > Train | Sample # 8464 | train_loss 3.2442 | train_acc 0.1250 | lr 0.050000 | running_time 3:19:20 | ETA[INFO] er_[INFO] er_baseline.py:198 > Train | Sample # 8480 | train_loss 3.4061 | train_acc 0.0000 | lr 0.050000 | running_time 3:19:43 | ETA[INFO] er_[INFO] er_baseline.py:198 > Train | Sample # 8496 | train_loss 3.5458 | train_acc 0.0000 | lr 0.050000 | running_time 3:20:06 | ETA[INFO] er_[INFO] er_baseline.py:208 > Test | Sample # 8500 | test_loss 5.5187 | test_acc 0.0351 | 
[INFO] er_baseline.py:198 > Train | Sample # 8512 | train_loss 3.1109 | train_acc 0.1875 | lr 0.050000 | running_time 3:20:54 | ETA[INFO] er_[INFO] er_baseline.py:198 > Train | Sample # 8528 | train_loss 3.3131 | train_acc 0.0625 | lr 0.050000 | running_time 3:21:17 | ETA[INFO] er_[INFO] er_baseline.py:198 > Train | Sample # 8544 | train_loss 3.2714 | train_acc 0.1250 | lr 0.050000 | running_time 3:21:40 | ETA[INFO] er_[INFO] er_baseline.py:198 > Train | Sample # 8560 | train_loss 3.1093 | train_acc 0.0625 | lr 0.050000 | running_time 3:22:04 | ETA[INFO] er_[INFO] er_baseline.py:198 > Train | Sample # 8576 | train_loss 3.3265 | train_acc 0.0625 | lr 0.050000 | running_time 3:22:27 | ETA[INFO] er_[INFO] er_baseline.py:198 > Train | Sample # 8592 | train_loss 3.4946 | train_acc 0.0625 | lr 0.050000 | running_time 3:22:50 | ETA[INFO] er_[INFO] er_baseline.py:208 > Test | Sample # 8600 | test_loss 5.3838 | test_acc 0.0327 | 
[INFO] er_baseline.py:198 > Train | Sample # 8608 | train_loss 2.9928 | train_acc 0.1250 | lr 0.050000 | running_time 3:23:37 | ETA[INFO] er_[INFO] er_baseline.py:198 > Train | Sample # 8624 | train_loss 3.0206 | train_acc 0.0000 | lr 0.050000 | running_time 3:24:00 | ETA[INFO] er_[INFO] er_baseline.py:198 > Train | Sample # 8640 | train_loss 3.1093 | train_acc 0.0625 | lr 0.050000 | running_time 3:24:22 | ETA[INFO] er_[INFO] er_baseline.py:198 > Train | Sample # 8656 | train_loss 2.9497 | train_acc 0.1875 | lr 0.050000 | running_time 3:24:46 | ETA[INFO] er_[INFO] er_baseline.py:198 > Train | Sample # 8672 | train_loss 3.1849 | train_acc 0.0000 | lr 0.050000 | running_time 3:25:08 | ETA[INFO] er_[INFO] er_baseline.py:198 > Train | Sample # 8688 | train_loss 3.4009 | train_acc 0.0000 | lr 0.050000 | running_time 3:25:32 | ETA[INFO] er_[INFO] er_baseline.py:208 > Test | Sample # 8700 | test_loss 5.5064 | test_acc 0.0317 | 
[INFO] er_baseline.py:198 > Train | Sample # 8704 | train_loss 3.2979 | train_acc 0.0000 | lr 0.050000 | running_time 3:26:16 | ETA[INFO] er_[INFO] er_baseline.py:198 > Train | Sample # 8720 | train_loss 3.2964 | train_acc 0.0625 | lr 0.050000 | running_time 3:26:40 | ETA[INFO] er_[INFO] er_baseline.py:198 > Train | Sample # 8736 | train_loss 2.9976 | train_acc 0.0625 | lr 0.050000 | running_time 3:27:04 | ETA[INFO] er_[INFO] er_baseline.py:198 > Train | Sample # 8752 | train_loss 3.3109 | train_acc 0.0625 | lr 0.050000 | running_time 3:27:26 | ETA[INFO] er_[INFO] er_baseline.py:198 > Train | Sample # 8768 | train_loss 3.2540 | train_acc 0.0000 | lr 0.050000 | running_time 3:27:51 | ETA[INFO] er_[INFO] er_baseline.py:198 > Train | Sample # 8784 | train_loss 3.2609 | train_acc 0.1250 | lr 0.050000 | running_time 3:28:14 | ETA[INFO] er_[INFO] er_baseline.py:198 > Train | Sample # 8800 | train_loss 3.3342 | train_acc 0.0625 | lr 0.050000 | running_time 3:28:37 | ETA[INFO] er_[INFO] er_baseline.py:208 > Test | Sample # 8800 | test_loss 5.5806 | test_acc 0.0364 | 
[INFO] er_baseline.py:198 > Train | Sample # 8816 | train_loss 2.9787 | train_acc 0.1250 | lr 0.050000 | running_time 3:29:23 | ETA[INFO] er_[INFO] er_baseline.py:198 > Train | Sample # 8832 | train_loss 2.7865 | train_acc 0.1875 | lr 0.050000 | running_time 3:29:46 | ETA[INFO] er_[INFO] er_baseline.py:198 > Train | Sample # 8848 | train_loss 3.5165 | train_acc 0.0625 | lr 0.050000 | running_time 3:30:10 | ETA[INFO] er_[INFO] er_baseline.py:198 > Train | Sample # 8864 | train_loss 3.2438 | train_acc 0.0625 | lr 0.050000 | running_time 3:30:33 | ETA[INFO] er_[INFO] er_baseline.py:198 > Train | Sample # 8880 | train_loss 3.0679 | train_acc 0.0625 | lr 0.050000 | running_time 3:30:57 | ETA[INFO] er_[INFO] er_baseline.py:198 > Train | Sample # 8896 | train_loss 3.2741 | train_acc 0.1250 | lr 0.050000 | running_time 3:31:21 | ETA[INFO] er_[INFO] er_baseline.py:208 > Test | Sample # 8900 | test_loss 5.4675 | test_acc 0.0364 | 
[INFO] er_baseline.py:198 > Train | Sample # 8912 | train_loss 3.1874 | train_acc 0.1250 | lr 0.050000 | running_time 3:32:08 | ETA[INFO] er_[INFO] er_baseline.py:198 > Train | Sample # 8928 | train_loss 3.8705 | train_acc 0.1250 | lr 0.050000 | running_time 3:32:31 | ETA[INFO] er_[INFO] er_baseline.py:198 > Train | Sample # 8944 | train_loss 3.1467 | train_acc 0.0625 | lr 0.050000 | running_time 3:32:53 | ETA[INFO] er_[INFO] er_baseline.py:198 > Train | Sample # 8960 | train_loss 3.2820 | train_acc 0.0000 | lr 0.050000 | running_time 3:33:18 | ETA[INFO] er_[INFO] er_baseline.py:198 > Train | Sample # 8976 | train_loss 3.4395 | train_acc 0.0625 | lr 0.050000 | running_time 3:33:41 | ETA[INFO] er_[INFO] er_baseline.py:198 > Train | Sample # 8992 | train_loss 3.1877 | train_acc 0.0000 | lr 0.050000 | running_time 3:34:04 | ETA[INFO] er_[INFO] er_baseline.py:208 > Test | Sample # 9000 | test_loss 5.4210 | test_acc 0.0368 | 
[INFO] er_baseline.py:198 > Train | Sample # 9008 | train_loss 3.1968 | train_acc 0.0000 | lr 0.050000 | running_time 3:34:50 | ETA[INFO] er_[INFO] er_baseline.py:198 > Train | Sample # 9024 | train_loss 3.3892 | train_acc 0.0000 | lr 0.050000 | running_time 3:35:14 | ETA[INFO] er_[INFO] er_baseline.py:198 > Train | Sample # 9040 | train_loss 3.2357 | train_acc 0.0000 | lr 0.050000 | running_time 3:35:37 | ETA[INFO] er_[INFO] er_baseline.py:198 > Train | Sample # 9056 | train_loss 3.6428 | train_acc 0.0000 | lr 0.050000 | running_time 3:35:59 | ETA[INFO] er_[INFO] er_baseline.py:198 > Train | Sample # 9072 | train_loss 3.3959 | train_acc 0.0625 | lr 0.050000 | running_time 3:36:24 | ETA[INFO] er_[INFO] er_baseline.py:198 > Train | Sample # 9088 | train_loss 3.5925 | train_acc 0.0000 | lr 0.050000 | running_time 3:36:46 | ETA[INFO] er_[INFO] er_baseline.py:208 > Test | Sample # 9100 | test_loss 5.4425 | test_acc 0.0428 | 
[INFO] er_baseline.py:198 > Train | Sample # 9104 | train_loss 3.0619 | train_acc 0.0000 | lr 0.050000 | running_time 3:37:33 | ETA[INFO] er_[INFO] er_baseline.py:198 > Train | Sample # 9120 | train_loss 2.9420 | train_acc 0.0625 | lr 0.050000 | running_time 3:37:55 | ETA[INFO] er_[INFO] er_baseline.py:198 > Train | Sample # 9136 | train_loss 2.8481 | train_acc 0.0625 | lr 0.050000 | running_time 3:38:18 | ETA[INFO] er_[INFO] er_baseline.py:198 > Train | Sample # 9152 | train_loss 3.6683 | train_acc 0.0625 | lr 0.050000 | running_time 3:38:41 | ETA[INFO] er_[INFO] er_baseline.py:198 > Train | Sample # 9168 | train_loss 3.9978 | train_acc 0.0625 | lr 0.050000 | running_time 3:39:04 | ETA[INFO] er_[INFO] er_baseline.py:198 > Train | Sample # 9184 | train_loss 3.0809 | train_acc 0.0000 | lr 0.050000 | running_time 3:39:28 | ETA[INFO] er_[INFO] er_baseline.py:198 > Train | Sample # 9200 | train_loss 3.3406 | train_acc 0.0625 | lr 0.050000 | running_time 3:39:51 | ETA[INFO] er_[INFO] er_baseline.py:208 > Test | Sample # 9200 | test_loss 6.0839 | test_acc 0.0243 | 
[INFO] er_baseline.py:198 > Train | Sample # 9216 | train_loss 2.9836 | train_acc 0.0000 | lr 0.050000 | running_time 3:40:37 | ETA[INFO] er_[INFO] er_baseline.py:198 > Train | Sample # 9232 | train_loss 3.1907 | train_acc 0.0000 | lr 0.050000 | running_time 3:41:01 | ETA[INFO] er_[INFO] er_baseline.py:198 > Train | Sample # 9248 | train_loss 2.9996 | train_acc 0.1250 | lr 0.050000 | running_time 3:41:24 | ETA[INFO] er_[INFO] er_baseline.py:198 > Train | Sample # 9264 | train_loss 3.1803 | train_acc 0.0000 | lr 0.050000 | running_time 3:41:47 | ETA[INFO] er_[INFO] er_baseline.py:198 > Train | Sample # 9280 | train_loss 3.4331 | train_acc 0.0000 | lr 0.050000 | running_time 3:42:11 | ETA[INFO] er_[INFO] er_baseline.py:198 > Train | Sample # 9296 | train_loss 3.0739 | train_acc 0.0000 | lr 0.050000 | running_time 3:42:33 | ETA[INFO] er_[INFO] er_baseline.py:208 > Test | Sample # 9300 | test_loss 6.2127 | test_acc 0.0222 | 
[INFO] er_baseline.py:198 > Train | Sample # 9312 | train_loss 3.0906 | train_acc 0.0625 | lr 0.050000 | running_time 3:43:19 | ETA[INFO] er_[INFO] er_baseline.py:198 > Train | Sample # 9328 | train_loss 3.2263 | train_acc 0.0000 | lr 0.050000 | running_time 3:43:42 | ETA[INFO] er_[INFO] er_baseline.py:198 > Train | Sample # 9344 | train_loss 3.0731 | train_acc 0.0625 | lr 0.050000 | running_time 3:44:06 | ETA[INFO] er_[INFO] er_baseline.py:198 > Train | Sample # 9360 | train_loss 3.1293 | train_acc 0.0000 | lr 0.050000 | running_time 3:44:29 | ETA[INFO] er_[INFO] er_baseline.py:198 > Train | Sample # 9376 | train_loss 3.2990 | train_acc 0.1250 | lr 0.050000 | running_time 3:44:52 | ETA[INFO] er_[INFO] er_baseline.py:198 > Train | Sample # 9392 | train_loss 3.0902 | train_acc 0.0000 | lr 0.050000 | running_time 3:45:16 | ETA[INFO] er_[INFO] er_baseline.py:208 > Test | Sample # 9400 | test_loss 6.0364 | test_acc 0.0279 | 
[INFO] er_baseline.py:198 > Train | Sample # 9408 | train_loss 3.1098 | train_acc 0.0000 | lr 0.050000 | running_time 3:46:02 | ETA[INFO] er_[INFO] er_baseline.py:198 > Train | Sample # 9424 | train_loss 3.0479 | train_acc 0.0625 | lr 0.050000 | running_time 3:46:25 | ETA[INFO] er_[INFO] er_baseline.py:198 > Train | Sample # 9440 | train_loss 2.9019 | train_acc 0.1250 | lr 0.050000 | running_time 3:46:49 | ETA[INFO] er_[INFO] er_baseline.py:198 > Train | Sample # 9456 | train_loss 3.1932 | train_acc 0.1250 | lr 0.050000 | running_time 3:47:11 | ETA[INFO] er_[INFO] er_baseline.py:198 > Train | Sample # 9472 | train_loss 3.1567 | train_acc 0.0000 | lr 0.050000 | running_time 3:47:35 | ETA[INFO] er_[INFO] er_baseline.py:198 > Train | Sample # 9488 | train_loss 3.1260 | train_acc 0.0000 | lr 0.050000 | running_time 3:47:58 | ETA[INFO] er_[INFO] er_baseline.py:208 > Test | Sample # 9500 | test_loss 5.8397 | test_acc 0.0240 | 
[INFO] er_baseline.py:198 > Train | Sample # 9504 | train_loss 3.1645 | train_acc 0.0000 | lr 0.050000 | running_time 3:48:45 | ETA[INFO] er_[INFO] er_baseline.py:198 > Train | Sample # 9520 | train_loss 2.8692 | train_acc 0.3125 | lr 0.050000 | running_time 3:49:06 | ETA[INFO] er_[INFO] er_baseline.py:198 > Train | Sample # 9536 | train_loss 3.1551 | train_acc 0.0000 | lr 0.050000 | running_time 3:49:29 | ETA[INFO] er_[INFO] er_baseline.py:198 > Train | Sample # 9552 | train_loss 3.0752 | train_acc 0.0000 | lr 0.050000 | running_time 3:49:52 | ETA[INFO] er_[INFO] er_baseline.py:198 > Train | Sample # 9568 | train_loss 3.1050 | train_acc 0.0625 | lr 0.050000 | running_time 3:50:15 | ETA[INFO] er_[INFO] er_baseline.py:198 > Train | Sample # 9584 | train_loss 3.5614 | train_acc 0.1250 | lr 0.050000 | running_time 3:50:39 | ETA[INFO] er_[INFO] er_baseline.py:198 > Train | Sample # 9600 | train_loss 3.0887 | train_acc 0.1875 | lr 0.050000 | running_time 3:51:03 | ETA[INFO] er_[INFO] er_baseline.py:208 > Test | Sample # 9600 | test_loss 5.7388 | test_acc 0.0216 | 
[INFO] er_baseline.py:198 > Train | Sample # 9616 | train_loss 3.1674 | train_acc 0.0625 | lr 0.050000 | running_time 3:51:48 | ETA[INFO] er_[INFO] er_baseline.py:198 > Train | Sample # 9632 | train_loss 2.9396 | train_acc 0.0625 | lr 0.050000 | running_time 3:52:12 | ETA[INFO] er_[INFO] er_baseline.py:198 > Train | Sample # 9648 | train_loss 3.3555 | train_acc 0.1250 | lr 0.050000 | running_time 3:52:34 | ETA[INFO] er_[INFO] er_baseline.py:198 > Train | Sample # 9664 | train_loss 2.9627 | train_acc 0.0000 | lr 0.050000 | running_time 3:52:58 | ETA[INFO] er_[INFO] er_baseline.py:198 > Train | Sample # 9680 | train_loss 3.1120 | train_acc 0.1250 | lr 0.050000 | running_time 3:53:22 | ETA[INFO] er_[INFO] er_baseline.py:198 > Train | Sample # 9696 | train_loss 3.0864 | train_acc 0.0000 | lr 0.050000 | running_time 3:53:44 | ETA[INFO] er_[INFO] er_baseline.py:208 > Test | Sample # 9700 | test_loss 5.8171 | test_acc 0.0280 | 
[INFO] er_baseline.py:198 > Train | Sample # 9712 | train_loss 3.5375 | train_acc 0.0625 | lr 0.050000 | running_time 3:54:31 | ETA[INFO] er_[INFO] er_baseline.py:198 > Train | Sample # 9728 | train_loss 3.0101 | train_acc 0.0625 | lr 0.050000 | running_time 3:54:54 | ETA[INFO] er_[INFO] er_baseline.py:198 > Train | Sample # 9744 | train_loss 3.0380 | train_acc 0.1250 | lr 0.050000 | running_time 3:55:17 | ETA[INFO] er_[INFO] er_baseline.py:198 > Train | Sample # 9760 | train_loss 3.3682 | train_acc 0.0000 | lr 0.050000 | running_time 3:55:40 | ETA[INFO] er_[INFO] er_baseline.py:198 > Train | Sample # 9776 | train_loss 2.9905 | train_acc 0.0000 | lr 0.050000 | running_time 3:56:03 | ETA[INFO] er_[INFO] er_baseline.py:198 > Train | Sample # 9792 | train_loss 3.6394 | train_acc 0.0625 | lr 0.050000 | running_time 3:56:26 | ETA[INFO] er_[INFO] er_baseline.py:208 > Test | Sample # 9800 | test_loss 5.7894 | test_acc 0.0394 | 
[INFO] er_baseline.py:198 > Train | Sample # 9808 | train_loss 3.0236 | train_acc 0.1250 | lr 0.050000 | running_time 3:57:14 | ETA[INFO] er_[INFO] er_baseline.py:198 > Train | Sample # 9824 | train_loss 3.0160 | train_acc 0.1875 | lr 0.050000 | running_time 3:57:36 | ETA[INFO] er_[INFO] er_baseline.py:198 > Train | Sample # 9840 | train_loss 3.0950 | train_acc 0.1250 | lr 0.050000 | running_time 3:57:59 | ETA[INFO] er_[INFO] er_baseline.py:198 > Train | Sample # 9856 | train_loss 3.4817 | train_acc 0.0000 | lr 0.050000 | running_time 3:58:21 | ETA[INFO] er_[INFO] er_baseline.py:198 > Train | Sample # 9872 | train_loss 3.1243 | train_acc 0.0625 | lr 0.050000 | running_time 3:58:44 | ETA[INFO] er_[INFO] er_baseline.py:198 > Train | Sample # 9888 | train_loss 2.9434 | train_acc 0.1250 | lr 0.050000 | running_time 3:59:07 | ETA[INFO] er_[INFO] er_baseline.py:208 > Test | Sample # 9900 | test_loss 5.7586 | test_acc 0.0233 | 
[INFO] er_baseline.py:198 > Train | Sample # 9904 | train_loss 3.3708 | train_acc 0.0000 | lr 0.050000 | running_time 3:59:54 | ETA[INFO] er_[INFO] er_baseline.py:198 > Train | Sample # 9920 | train_loss 3.1980 | train_acc 0.0625 | lr 0.050000 | running_time 4:00:16 | ETA[INFO] er_[INFO] er_baseline.py:198 > Train | Sample # 9936 | train_loss 3.5447 | train_acc 0.1250 | lr 0.050000 | running_time 4:00:38 | ETA[INFO] er_[INFO] er_baseline.py:198 > Train | Sample # 9952 | train_loss 3.0063 | train_acc 0.0625 | lr 0.050000 | running_time 4:01:00 | ETA[INFO] er_[INFO] er_baseline.py:198 > Train | Sample # 9968 | train_loss 3.5270 | train_acc 0.0000 | lr 0.050000 | running_time 4:01:21 | ETA[INFO] er_baseline.py:198 > Train | Sample # 9984 | train_loss 3.1627 | train_acc 0.0000 | lr 0.050000 | running_time 4:01:18 | ETA 16:07:09
[INFO] er_baseline.py:198 > Train | Sample # 10000 | train_loss 3.4004 | train_acc 0.0625 | lr 0.050000 | running_time 4:01:40 | ETA 16:06:42
[INFO] er_baseline.py:208 > Test | Sample # 10000 | test_loss 5.5731 | test_acc 0.0162 | 
[INFO] er_baseline.py:198 > Train | Sample # 10016 | train_loss 3.3253 | train_acc 0.0625 | lr 0.050000 | running_time 4:02:23 | ETA 16:07:39
[INFO] er_baseline.py:198 > Train | Sample # 10032 | train_loss 3.2128 | train_acc 0.0000 | lr 0.050000 | running_time 4:02:46 | ETA 16:07:13
